<?xml version="1.0" encoding="UTF-8"?>
<coverage generated="1709496893466" clover="3.2.0">
  <project timestamp="1709496893466" name="All files">
    <metrics statements="210" coveredstatements="167" conditionals="116" coveredconditionals="91" methods="37" coveredmethods="29" elements="363" coveredelements="287" complexity="0" loc="210" ncloc="210" packages="1" files="6" classes="6"/>
    <file name="players.js" path="C:\Users\DanHo\Documents\Code\PKD\Project\Scrabble\lib\players.js">
      <metrics statements="61" coveredstatements="29" conditionals="32" coveredconditionals="13" methods="11" coveredmethods="8"/>
      <line num="2" count="1" type="stmt"/>
      <line num="3" count="1" type="stmt"/>
      <line num="4" count="1" type="stmt"/>
      <line num="5" count="1" type="stmt"/>
      <line num="10" count="1" type="stmt"/>
      <line num="16" count="3" type="cond" truecount="2" falsecount="0"/>
      <line num="18" count="1" type="stmt"/>
      <line num="20" count="3" type="cond" truecount="2" falsecount="0"/>
      <line num="24" count="1" type="stmt"/>
      <line num="26" count="1" type="stmt"/>
      <line num="27" count="1" type="stmt"/>
      <line num="29" count="1" type="stmt"/>
      <line num="31" count="1" type="cond" truecount="1" falsecount="1"/>
      <line num="33" count="1" type="stmt"/>
      <line num="35" count="1" type="stmt"/>
      <line num="36" count="1" type="stmt"/>
      <line num="38" count="1" type="stmt"/>
      <line num="40" count="4" type="cond" truecount="2" falsecount="0"/>
      <line num="44" count="1" type="stmt"/>
      <line num="46" count="3" type="cond" truecount="2" falsecount="0"/>
      <line num="47" count="3" type="stmt"/>
      <line num="48" count="3" type="cond" truecount="2" falsecount="0"/>
      <line num="49" count="2" type="stmt"/>
      <line num="52" count="1" type="stmt"/>
      <line num="54" count="3" type="cond" truecount="2" falsecount="0"/>
      <line num="56" count="1" type="stmt"/>
      <line num="58" count="0" type="stmt"/>
      <line num="59" count="0" type="stmt"/>
      <line num="60" count="0" type="stmt"/>
      <line num="61" count="0" type="cond" truecount="0" falsecount="2"/>
      <line num="62" count="0" type="stmt"/>
      <line num="65" count="0" type="stmt"/>
      <line num="68" count="0" type="stmt"/>
      <line num="69" count="0" type="stmt"/>
      <line num="71" count="1" type="stmt"/>
      <line num="73" count="0" type="stmt"/>
      <line num="74" count="0" type="stmt"/>
      <line num="75" count="0" type="stmt"/>
      <line num="76" count="0" type="stmt"/>
      <line num="77" count="0" type="stmt"/>
      <line num="78" count="0" type="stmt"/>
      <line num="79" count="0" type="cond" truecount="0" falsecount="2"/>
      <line num="80" count="0" type="stmt"/>
      <line num="83" count="0" type="stmt"/>
      <line num="86" count="0" type="cond" truecount="0" falsecount="2"/>
      <line num="87" count="0" type="cond" truecount="0" falsecount="4"/>
      <line num="88" count="0" type="stmt"/>
      <line num="91" count="0" type="stmt"/>
      <line num="92" count="0" type="cond" truecount="0" falsecount="2"/>
      <line num="93" count="0" type="stmt"/>
      <line num="96" count="0" type="stmt"/>
      <line num="99" count="0" type="cond" truecount="0" falsecount="2"/>
      <line num="100" count="0" type="cond" truecount="0" falsecount="4"/>
      <line num="101" count="0" type="stmt"/>
      <line num="104" count="0" type="stmt"/>
      <line num="106" count="1" type="stmt"/>
      <line num="108" count="0" type="stmt"/>
      <line num="109" count="0" type="stmt"/>
      <line num="110" count="0" type="stmt"/>
      <line num="111" count="0" type="stmt"/>
      <line num="113" count="1" type="stmt"/>
    </file>
    <file name="pointCounter.js" path="C:\Users\DanHo\Documents\Code\PKD\Project\Scrabble\lib\pointCounter.js">
      <metrics statements="44" coveredstatements="44" conditionals="46" coveredconditionals="46" methods="5" coveredmethods="5"/>
      <line num="2" count="1" type="stmt"/>
      <line num="3" count="1" type="stmt"/>
      <line num="4" count="1" type="stmt"/>
      <line num="5" count="1" type="stmt"/>
      <line num="42" count="1" type="stmt"/>
      <line num="49" count="67" type="stmt"/>
      <line num="50" count="67" type="stmt"/>
      <line num="51" count="67" type="stmt"/>
      <line num="52" count="327" type="cond" truecount="4" falsecount="0"/>
      <line num="57" count="67" type="cond" truecount="4" falsecount="0"/>
      <line num="58" count="7" type="stmt"/>
      <line num="60" count="60" type="cond" truecount="4" falsecount="0"/>
      <line num="61" count="4" type="stmt"/>
      <line num="63" count="67" type="cond" truecount="2" falsecount="0"/>
      <line num="64" count="45" type="stmt"/>
      <line num="68" count="67" type="cond" truecount="4" falsecount="0"/>
      <line num="69" count="14" type="stmt"/>
      <line num="71" count="53" type="cond" truecount="4" falsecount="0"/>
      <line num="72" count="8" type="stmt"/>
      <line num="75" count="67" type="stmt"/>
      <line num="76" count="598" type="cond" truecount="4" falsecount="0"/>
      <line num="82" count="67" type="cond" truecount="2" falsecount="0"/>
      <line num="83" count="41" type="stmt"/>
      <line num="86" count="26" type="stmt"/>
      <line num="88" count="67" type="stmt"/>
      <line num="89" count="67" type="stmt"/>
      <line num="92" count="67" type="cond" truecount="4" falsecount="0"/>
      <line num="93" count="1" type="stmt"/>
      <line num="95" count="66" type="cond" truecount="4" falsecount="0"/>
      <line num="96" count="1" type="stmt"/>
      <line num="98" count="65" type="cond" truecount="4" falsecount="0"/>
      <line num="99" count="1" type="stmt"/>
      <line num="101" count="64" type="cond" truecount="4" falsecount="0"/>
      <line num="102" count="1" type="stmt"/>
      <line num="104" count="63" type="cond" truecount="2" falsecount="0"/>
      <line num="105" count="20" type="stmt"/>
      <line num="108" count="43" type="stmt"/>
      <line num="112" count="1" type="stmt"/>
      <line num="113" count="10" type="stmt"/>
      <line num="115" count="1" type="stmt"/>
      <line num="116" count="6" type="stmt"/>
      <line num="117" count="6" type="stmt"/>
      <line num="123" count="1" type="stmt"/>
      <line num="125" count="1" type="stmt"/>
    </file>
    <file name="queue_array.js" path="C:\Users\DanHo\Documents\Code\PKD\Project\Scrabble\lib\queue_array.js">
      <metrics statements="18" coveredstatements="13" conditionals="0" coveredconditionals="0" methods="6" coveredmethods="3"/>
      <line num="2" count="1" type="stmt"/>
      <line num="3" count="1" type="stmt"/>
      <line num="10" count="1" type="stmt"/>
      <line num="12" count="1" type="stmt"/>
      <line num="20" count="1" type="stmt"/>
      <line num="22" count="1" type="stmt"/>
      <line num="31" count="98" type="stmt"/>
      <line num="32" count="98" type="stmt"/>
      <line num="33" count="98" type="stmt"/>
      <line num="35" count="1" type="stmt"/>
      <line num="44" count="0" type="stmt"/>
      <line num="45" count="0" type="stmt"/>
      <line num="47" count="1" type="stmt"/>
      <line num="56" count="0" type="stmt"/>
      <line num="57" count="0" type="stmt"/>
      <line num="59" count="1" type="stmt"/>
      <line num="66" count="0" type="stmt"/>
      <line num="68" count="1" type="stmt"/>
    </file>
    <file name="randomLetters.js" path="C:\Users\DanHo\Documents\Code\PKD\Project\Scrabble\lib\randomLetters.js">
      <metrics statements="16" coveredstatements="16" conditionals="0" coveredconditionals="0" methods="2" coveredmethods="2"/>
      <line num="2" count="1" type="stmt"/>
      <line num="3" count="1" type="stmt"/>
      <line num="4" count="1" type="stmt"/>
      <line num="17" count="1" type="stmt"/>
      <line num="117" count="1" type="stmt"/>
      <line num="118" count="1" type="stmt"/>
      <line num="119" count="1" type="stmt"/>
      <line num="120" count="98" type="stmt"/>
      <line num="122" count="1" type="stmt"/>
      <line num="124" count="1" type="stmt"/>
      <line num="137" count="1" type="stmt"/>
      <line num="139" count="1" type="stmt"/>
      <line num="141" count="98" type="stmt"/>
      <line num="142" count="98" type="stmt"/>
      <line num="144" count="98" type="stmt"/>
      <line num="149" count="1" type="stmt"/>
    </file>
    <file name="saveData.js" path="C:\Users\DanHo\Documents\Code\PKD\Project\Scrabble\lib\saveData.js">
      <metrics statements="24" coveredstatements="18" conditionals="2" coveredconditionals="0" methods="6" coveredmethods="4"/>
      <line num="2" count="1" type="stmt"/>
      <line num="3" count="1" type="stmt"/>
      <line num="7" count="1" type="stmt"/>
      <line num="8" count="1" type="stmt"/>
      <line num="9" count="1" type="stmt"/>
      <line num="10" count="2" type="stmt"/>
      <line num="11" count="2" type="stmt"/>
      <line num="12" count="2" type="stmt"/>
      <line num="14" count="1" type="stmt"/>
      <line num="16" count="1" type="stmt"/>
      <line num="18" count="1" type="stmt"/>
      <line num="19" count="1" type="stmt"/>
      <line num="20" count="2" type="stmt"/>
      <line num="21" count="2" type="stmt"/>
      <line num="23" count="1" type="stmt"/>
      <line num="25" count="1" type="stmt"/>
      <line num="27" count="0" type="stmt"/>
      <line num="29" count="1" type="stmt"/>
      <line num="31" count="0" type="stmt"/>
      <line num="32" count="0" type="stmt"/>
      <line num="33" count="0" type="cond" truecount="0" falsecount="2"/>
      <line num="34" count="0" type="stmt"/>
      <line num="37" count="0" type="stmt"/>
      <line num="40" count="1" type="stmt"/>
    </file>
    <file name="spellChecker.js" path="C:\Users\DanHo\Documents\Code\PKD\Project\Scrabble\lib\spellChecker.js">
      <metrics statements="47" coveredstatements="47" conditionals="36" coveredconditionals="32" methods="7" coveredmethods="7"/>
      <line num="2" count="1" type="stmt"/>
      <line num="3" count="1" type="stmt"/>
      <line num="16" count="3" type="stmt"/>
      <line num="17" count="3" type="stmt"/>
      <line num="18" count="3" type="stmt"/>
      <line num="19" count="52" type="stmt"/>
      <line num="20" count="52" type="stmt"/>
      <line num="21" count="52" type="cond" truecount="2" falsecount="0"/>
      <line num="22" count="2" type="stmt"/>
      <line num="24" count="50" type="cond" truecount="2" falsecount="0"/>
      <line num="25" count="26" type="stmt"/>
      <line num="28" count="24" type="stmt"/>
      <line num="31" count="1" type="stmt"/>
      <line num="46" count="4" type="stmt"/>
      <line num="48" count="4" type="stmt"/>
      <line num="49" count="3654" type="cond" truecount="4" falsecount="0"/>
      <line num="50" count="3534" type="stmt"/>
      <line num="52" count="120" type="stmt"/>
      <line num="55" count="4" type="stmt"/>
      <line num="56" count="60" type="stmt"/>
      <line num="57" count="60" type="stmt"/>
      <line num="59" count="900" type="cond" truecount="2" falsecount="0"/>
      <line num="60" count="9" type="stmt"/>
      <line num="63" count="900" type="cond" truecount="4" falsecount="0"/>
      <line num="64" count="891" type="cond" truecount="2" falsecount="0"/>
      <line num="65" count="2" type="stmt"/>
      <line num="66" count="891" type="stmt"/>
      <line num="71" count="4" type="stmt"/>
      <line num="72" count="60" type="stmt"/>
      <line num="73" count="60" type="stmt"/>
      <line num="74" count="900" type="cond" truecount="2" falsecount="0"/>
      <line num="75" count="9" type="stmt"/>
      <line num="77" count="900" type="cond" truecount="4" falsecount="0"/>
      <line num="78" count="891" type="cond" truecount="2" falsecount="0"/>
      <line num="79" count="1" type="stmt"/>
      <line num="80" count="891" type="stmt"/>
      <line num="84" count="52" type="stmt"/>
      <line num="85" count="773" type="cond" truecount="2" falsecount="0"/>
      <line num="86" count="9" type="stmt"/>
      <line num="93" count="27" type="stmt"/>
      <line num="95" count="764" type="stmt"/>
      <line num="97" count="4" type="cond" truecount="2" falsecount="0"/>
      <line num="98" count="1" type="stmt"/>
      <line num="100" count="3" type="stmt"/>
      <line num="102" count="3" type="stmt"/>
      <line num="104" count="3" type="stmt"/>
      <line num="106" count="1" type="stmt"/>
    </file>
  </project>
</coverage>
