<?xml version="1.0" encoding="UTF-8"?>
<coverage generated="1709210315592" clover="3.2.0">
  <project timestamp="1709210315592" name="All files">
    <metrics statements="91" coveredstatements="82" conditionals="82" coveredconditionals="65" methods="12" coveredmethods="12" elements="185" coveredelements="159" complexity="0" loc="91" ncloc="91" packages="1" files="2" classes="2"/>
    <file name="pointCounter.js" path="/home/Dan/Code/Github/Scrabble/lib/pointCounter.js">
      <metrics statements="44" coveredstatements="38" conditionals="46" coveredconditionals="35" methods="5" coveredmethods="5"/>
      <line num="2" count="1" type="stmt"/>
      <line num="3" count="1" type="stmt"/>
      <line num="4" count="1" type="stmt"/>
      <line num="5" count="1" type="stmt"/>
      <line num="42" count="1" type="stmt"/>
      <line num="49" count="53" type="stmt"/>
      <line num="50" count="53" type="stmt"/>
      <line num="51" count="53" type="stmt"/>
      <line num="52" count="170" type="cond" truecount="4" falsecount="0"/>
      <line num="57" count="53" type="cond" truecount="4" falsecount="0"/>
      <line num="58" count="7" type="stmt"/>
      <line num="60" count="46" type="cond" truecount="2" falsecount="2"/>
      <line num="61" count="0" type="stmt"/>
      <line num="63" count="53" type="cond" truecount="2" falsecount="0"/>
      <line num="64" count="37" type="stmt"/>
      <line num="68" count="53" type="cond" truecount="4" falsecount="0"/>
      <line num="69" count="14" type="stmt"/>
      <line num="71" count="39" type="cond" truecount="3" falsecount="1"/>
      <line num="72" count="0" type="stmt"/>
      <line num="75" count="53" type="stmt"/>
      <line num="76" count="298" type="cond" truecount="4" falsecount="0"/>
      <line num="82" count="53" type="cond" truecount="2" falsecount="0"/>
      <line num="83" count="36" type="stmt"/>
      <line num="86" count="17" type="stmt"/>
      <line num="88" count="53" type="stmt"/>
      <line num="89" count="53" type="stmt"/>
      <line num="92" count="53" type="cond" truecount="2" falsecount="2"/>
      <line num="93" count="0" type="stmt"/>
      <line num="95" count="53" type="cond" truecount="2" falsecount="2"/>
      <line num="96" count="0" type="stmt"/>
      <line num="98" count="53" type="cond" truecount="2" falsecount="2"/>
      <line num="99" count="0" type="stmt"/>
      <line num="101" count="53" type="cond" truecount="2" falsecount="2"/>
      <line num="102" count="0" type="stmt"/>
      <line num="104" count="53" type="cond" truecount="2" falsecount="0"/>
      <line num="105" count="16" type="stmt"/>
      <line num="108" count="37" type="stmt"/>
      <line num="112" count="1" type="stmt"/>
      <line num="113" count="6" type="stmt"/>
      <line num="115" count="1" type="stmt"/>
      <line num="116" count="4" type="stmt"/>
      <line num="117" count="4" type="stmt"/>
      <line num="123" count="1" type="stmt"/>
      <line num="125" count="1" type="stmt"/>
    </file>
    <file name="spellChecker.js" path="/home/Dan/Code/Github/Scrabble/lib/spellChecker.js">
      <metrics statements="47" coveredstatements="44" conditionals="36" coveredconditionals="30" methods="7" coveredmethods="7"/>
      <line num="2" count="1" type="stmt"/>
      <line num="3" count="1" type="stmt"/>
      <line num="16" count="1" type="stmt"/>
      <line num="17" count="1" type="stmt"/>
      <line num="18" count="1" type="stmt"/>
      <line num="19" count="16" type="stmt"/>
      <line num="20" count="16" type="stmt"/>
      <line num="21" count="16" type="cond" truecount="2" falsecount="0"/>
      <line num="22" count="1" type="stmt"/>
      <line num="24" count="15" type="cond" truecount="2" falsecount="0"/>
      <line num="25" count="6" type="stmt"/>
      <line num="28" count="9" type="stmt"/>
      <line num="31" count="0" type="stmt"/>
      <line num="46" count="1" type="stmt"/>
      <line num="48" count="1" type="stmt"/>
      <line num="49" count="918" type="cond" truecount="4" falsecount="0"/>
      <line num="50" count="888" type="stmt"/>
      <line num="52" count="30" type="stmt"/>
      <line num="55" count="1" type="stmt"/>
      <line num="56" count="15" type="stmt"/>
      <line num="57" count="15" type="stmt"/>
      <line num="59" count="225" type="cond" truecount="2" falsecount="0"/>
      <line num="60" count="3" type="stmt"/>
      <line num="63" count="225" type="cond" truecount="4" falsecount="0"/>
      <line num="64" count="222" type="cond" truecount="2" falsecount="0"/>
      <line num="65" count="1" type="stmt"/>
      <line num="66" count="222" type="stmt"/>
      <line num="71" count="1" type="stmt"/>
      <line num="72" count="15" type="stmt"/>
      <line num="73" count="15" type="stmt"/>
      <line num="74" count="225" type="cond" truecount="2" falsecount="0"/>
      <line num="75" count="3" type="stmt"/>
      <line num="77" count="225" type="cond" truecount="4" falsecount="0"/>
      <line num="78" count="222" type="cond" truecount="1" falsecount="1"/>
      <line num="79" count="0" type="stmt"/>
      <line num="80" count="222" type="stmt"/>
      <line num="84" count="15" type="stmt"/>
      <line num="85" count="225" type="cond" truecount="2" falsecount="0"/>
      <line num="86" count="3" type="stmt"/>
      <line num="93" count="10" type="stmt"/>
      <line num="95" count="222" type="stmt"/>
      <line num="97" count="1" type="cond" truecount="1" falsecount="1"/>
      <line num="98" count="0" type="stmt"/>
      <line num="100" count="1" type="stmt"/>
      <line num="102" count="1" type="stmt"/>
      <line num="104" count="1" type="stmt"/>
      <line num="106" count="1" type="stmt"/>
    </file>
  </project>
</coverage>
