{"C:\\Users\\DanHo\\Documents\\Code\\PKD\\Project\\Scrabble\\lib\\players.js": {"path":"C:\\Users\\DanHo\\Documents\\Code\\PKD\\Project\\Scrabble\\lib\\players.js","statementMap":{"0":{"start":{"line":2,"column":0},"end":{"line":2,"column":62}},"1":{"start":{"line":3,"column":0},"end":{"line":3,"column":315}},"2":{"start":{"line":4,"column":17},"end":{"line":4,"column":38}},"3":{"start":{"line":5,"column":0},"end":{"line":9,"column":2}},"4":{"start":{"line":10,"column":0},"end":{"line":14,"column":2}},"5":{"start":{"line":16,"column":4},"end":{"line":16,"column":85}},"6":{"start":{"line":18,"column":0},"end":{"line":18,"column":40}},"7":{"start":{"line":20,"column":4},"end":{"line":22,"column":83}},"8":{"start":{"line":24,"column":0},"end":{"line":24,"column":40}},"9":{"start":{"line":26,"column":4},"end":{"line":26,"column":37}},"10":{"start":{"line":27,"column":4},"end":{"line":27,"column":37}},"11":{"start":{"line":29,"column":0},"end":{"line":29,"column":34}},"12":{"start":{"line":31,"column":4},"end":{"line":31,"column":88}},"13":{"start":{"line":33,"column":0},"end":{"line":33,"column":34}},"14":{"start":{"line":35,"column":4},"end":{"line":35,"column":38}},"15":{"start":{"line":36,"column":4},"end":{"line":36,"column":38}},"16":{"start":{"line":38,"column":0},"end":{"line":38,"column":44}},"17":{"start":{"line":40,"column":4},"end":{"line":42,"column":57}},"18":{"start":{"line":44,"column":0},"end":{"line":44,"column":44}},"19":{"start":{"line":46,"column":21},"end":{"line":46,"column":94}},"20":{"start":{"line":47,"column":16},"end":{"line":47,"column":47}},"21":{"start":{"line":48,"column":4},"end":{"line":50,"column":5}},"22":{"start":{"line":49,"column":8},"end":{"line":49,"column":36}},"23":{"start":{"line":52,"column":0},"end":{"line":52,"column":54}},"24":{"start":{"line":54,"column":4},"end":{"line":54,"column":85}},"25":{"start":{"line":56,"column":0},"end":{"line":56,"column":40}},"26":{"start":{"line":58,"column":12},"end":{"line":58,"column":13}},"27":{"start":{"line":59,"column":20},"end":{"line":59,"column":46}},"28":{"start":{"line":60,"column":4},"end":{"line":67,"column":5}},"29":{"start":{"line":61,"column":8},"end":{"line":66,"column":9}},"30":{"start":{"line":62,"column":12},"end":{"line":62,"column":32}},"31":{"start":{"line":65,"column":12},"end":{"line":65,"column":16}},"32":{"start":{"line":68,"column":20},"end":{"line":68,"column":64}},"33":{"start":{"line":69,"column":4},"end":{"line":69,"column":21}},"34":{"start":{"line":71,"column":0},"end":{"line":71,"column":28}},"35":{"start":{"line":73,"column":16},"end":{"line":73,"column":46}},"36":{"start":{"line":74,"column":16},"end":{"line":74,"column":46}},"37":{"start":{"line":75,"column":23},"end":{"line":75,"column":49}},"38":{"start":{"line":76,"column":20},"end":{"line":76,"column":21}},"39":{"start":{"line":77,"column":21},"end":{"line":77,"column":22}},"40":{"start":{"line":78,"column":4},"end":{"line":85,"column":5}},"41":{"start":{"line":79,"column":8},"end":{"line":84,"column":9}},"42":{"start":{"line":80,"column":12},"end":{"line":80,"column":18}},"43":{"start":{"line":83,"column":12},"end":{"line":83,"column":24}},"44":{"start":{"line":86,"column":4},"end":{"line":90,"column":5}},"45":{"start":{"line":87,"column":8},"end":{"line":89,"column":9}},"46":{"start":{"line":88,"column":12},"end":{"line":88,"column":77}},"47":{"start":{"line":91,"column":4},"end":{"line":98,"column":5}},"48":{"start":{"line":92,"column":8},"end":{"line":97,"column":9}},"49":{"start":{"line":93,"column":12},"end":{"line":93,"column":18}},"50":{"start":{"line":96,"column":12},"end":{"line":96,"column":25}},"51":{"start":{"line":99,"column":4},"end":{"line":103,"column":5}},"52":{"start":{"line":100,"column":8},"end":{"line":102,"column":9}},"53":{"start":{"line":101,"column":12},"end":{"line":101,"column":78}},"54":{"start":{"line":104,"column":4},"end":{"line":104,"column":44}},"55":{"start":{"line":106,"column":0},"end":{"line":106,"column":42}},"56":{"start":{"line":108,"column":16},"end":{"line":108,"column":42}},"57":{"start":{"line":109,"column":18},"end":{"line":109,"column":74}},"58":{"start":{"line":110,"column":4},"end":{"line":110,"column":24}},"59":{"start":{"line":111,"column":4},"end":{"line":111,"column":37}},"60":{"start":{"line":113,"column":0},"end":{"line":113,"column":34}}},"fnMap":{"0":{"name":"getPlayerScore","decl":{"start":{"line":15,"column":9},"end":{"line":15,"column":23}},"loc":{"start":{"line":15,"column":32},"end":{"line":17,"column":1}},"line":15},"1":{"name":"addPlayerScore","decl":{"start":{"line":19,"column":9},"end":{"line":19,"column":23}},"loc":{"start":{"line":19,"column":42},"end":{"line":23,"column":1}},"line":19},"2":{"name":"resetScores","decl":{"start":{"line":25,"column":9},"end":{"line":25,"column":20}},"loc":{"start":{"line":25,"column":23},"end":{"line":28,"column":1}},"line":25},"3":{"name":"setUserName","decl":{"start":{"line":30,"column":9},"end":{"line":30,"column":20}},"loc":{"start":{"line":30,"column":39},"end":{"line":32,"column":1}},"line":30},"4":{"name":"resetCurrentWord","decl":{"start":{"line":34,"column":9},"end":{"line":34,"column":25}},"loc":{"start":{"line":34,"column":28},"end":{"line":37,"column":1}},"line":34},"5":{"name":"addToCurrentWord","decl":{"start":{"line":39,"column":9},"end":{"line":39,"column":25}},"loc":{"start":{"line":39,"column":47},"end":{"line":43,"column":1}},"line":39},"6":{"name":"removeFromCurrentWord","decl":{"start":{"line":45,"column":9},"end":{"line":45,"column":30}},"loc":{"start":{"line":45,"column":52},"end":{"line":51,"column":1}},"line":45},"7":{"name":"getCurrentWord","decl":{"start":{"line":53,"column":9},"end":{"line":53,"column":23}},"loc":{"start":{"line":53,"column":32},"end":{"line":55,"column":1}},"line":53},"8":{"name":"findUser","decl":{"start":{"line":57,"column":9},"end":{"line":57,"column":17}},"loc":{"start":{"line":57,"column":28},"end":{"line":70,"column":1}},"line":57},"9":{"name":"updateHighscore","decl":{"start":{"line":72,"column":9},"end":{"line":72,"column":24}},"loc":{"start":{"line":72,"column":27},"end":{"line":105,"column":1}},"line":72},"10":{"name":"makeNewUser","decl":{"start":{"line":107,"column":9},"end":{"line":107,"column":20}},"loc":{"start":{"line":107,"column":41},"end":{"line":112,"column":1}},"line":107}},"branchMap":{"0":{"loc":{"start":{"line":16,"column":11},"end":{"line":16,"column":84}},"type":"cond-expr","locations":[{"start":{"line":16,"column":25},"end":{"line":16,"column":53}},{"start":{"line":16,"column":56},"end":{"line":16,"column":84}}],"line":16},"1":{"loc":{"start":{"line":20,"column":4},"end":{"line":22,"column":82}},"type":"cond-expr","locations":[{"start":{"line":21,"column":11},"end":{"line":21,"column":81}},{"start":{"line":22,"column":11},"end":{"line":22,"column":81}}],"line":20},"2":{"loc":{"start":{"line":31,"column":4},"end":{"line":31,"column":87}},"type":"cond-expr","locations":[{"start":{"line":31,"column":19},"end":{"line":31,"column":50}},{"start":{"line":31,"column":55},"end":{"line":31,"column":86}}],"line":31},"3":{"loc":{"start":{"line":40,"column":4},"end":{"line":42,"column":56}},"type":"cond-expr","locations":[{"start":{"line":41,"column":10},"end":{"line":41,"column":56}},{"start":{"line":42,"column":10},"end":{"line":42,"column":56}}],"line":40},"4":{"loc":{"start":{"line":46,"column":21},"end":{"line":46,"column":94}},"type":"cond-expr","locations":[{"start":{"line":46,"column":35},"end":{"line":46,"column":63}},{"start":{"line":46,"column":66},"end":{"line":46,"column":94}}],"line":46},"5":{"loc":{"start":{"line":48,"column":4},"end":{"line":50,"column":5}},"type":"if","locations":[{"start":{"line":48,"column":4},"end":{"line":50,"column":5}},{"start":{},"end":{}}],"line":48},"6":{"loc":{"start":{"line":54,"column":11},"end":{"line":54,"column":84}},"type":"cond-expr","locations":[{"start":{"line":54,"column":25},"end":{"line":54,"column":53}},{"start":{"line":54,"column":56},"end":{"line":54,"column":84}}],"line":54},"7":{"loc":{"start":{"line":61,"column":8},"end":{"line":66,"column":9}},"type":"if","locations":[{"start":{"line":61,"column":8},"end":{"line":66,"column":9}},{"start":{"line":64,"column":13},"end":{"line":66,"column":9}}],"line":61},"8":{"loc":{"start":{"line":79,"column":8},"end":{"line":84,"column":9}},"type":"if","locations":[{"start":{"line":79,"column":8},"end":{"line":84,"column":9}},{"start":{"line":82,"column":13},"end":{"line":84,"column":9}}],"line":79},"9":{"loc":{"start":{"line":86,"column":4},"end":{"line":90,"column":5}},"type":"if","locations":[{"start":{"line":86,"column":4},"end":{"line":90,"column":5}},{"start":{},"end":{}}],"line":86},"10":{"loc":{"start":{"line":87,"column":8},"end":{"line":89,"column":9}},"type":"if","locations":[{"start":{"line":87,"column":8},"end":{"line":89,"column":9}},{"start":{},"end":{}}],"line":87},"11":{"loc":{"start":{"line":87,"column":12},"end":{"line":87,"column":83}},"type":"binary-expr","locations":[{"start":{"line":87,"column":12},"end":{"line":87,"column":58}},{"start":{"line":87,"column":62},"end":{"line":87,"column":83}}],"line":87},"12":{"loc":{"start":{"line":92,"column":8},"end":{"line":97,"column":9}},"type":"if","locations":[{"start":{"line":92,"column":8},"end":{"line":97,"column":9}},{"start":{"line":95,"column":13},"end":{"line":97,"column":9}}],"line":92},"13":{"loc":{"start":{"line":99,"column":4},"end":{"line":103,"column":5}},"type":"if","locations":[{"start":{"line":99,"column":4},"end":{"line":103,"column":5}},{"start":{},"end":{}}],"line":99},"14":{"loc":{"start":{"line":100,"column":8},"end":{"line":102,"column":9}},"type":"if","locations":[{"start":{"line":100,"column":8},"end":{"line":102,"column":9}},{"start":{},"end":{}}],"line":100},"15":{"loc":{"start":{"line":100,"column":12},"end":{"line":100,"column":83}},"type":"binary-expr","locations":[{"start":{"line":100,"column":12},"end":{"line":100,"column":58}},{"start":{"line":100,"column":62},"end":{"line":100,"column":83}}],"line":100}},"s":{"0":1,"1":1,"2":1,"3":1,"4":1,"5":3,"6":1,"7":3,"8":1,"9":1,"10":1,"11":1,"12":1,"13":1,"14":1,"15":1,"16":1,"17":4,"18":1,"19":3,"20":3,"21":3,"22":2,"23":1,"24":3,"25":1,"26":0,"27":0,"28":0,"29":0,"30":0,"31":0,"32":0,"33":0,"34":1,"35":0,"36":0,"37":0,"38":0,"39":0,"40":0,"41":0,"42":0,"43":0,"44":0,"45":0,"46":0,"47":0,"48":0,"49":0,"50":0,"51":0,"52":0,"53":0,"54":0,"55":1,"56":0,"57":0,"58":0,"59":0,"60":1},"f":{"0":3,"1":3,"2":1,"3":1,"4":1,"5":4,"6":3,"7":3,"8":0,"9":0,"10":0},"b":{"0":[2,1],"1":[2,1],"2":[1,0],"3":[2,2],"4":[2,1],"5":[2,1],"6":[2,1],"7":[0,0],"8":[0,0],"9":[0,0],"10":[0,0],"11":[0,0],"12":[0,0],"13":[0,0],"14":[0,0],"15":[0,0]},"inputSourceMap":null,"_coverageSchema":"1a1c01bbd47fc00a2c39e90264f33305004495a9","hash":"a86ce8bea1a998bd171b768e92963a1ed7e31a87"}
,"C:\\Users\\DanHo\\Documents\\Code\\PKD\\Project\\Scrabble\\lib\\pointCounter.js": {"path":"C:\\Users\\DanHo\\Documents\\Code\\PKD\\Project\\Scrabble\\lib\\pointCounter.js","statementMap":{"0":{"start":{"line":2,"column":0},"end":{"line":2,"column":62}},"1":{"start":{"line":3,"column":0},"end":{"line":3,"column":27}},"2":{"start":{"line":4,"column":17},"end":{"line":4,"column":65}},"3":{"start":{"line":5,"column":16},"end":{"line":32,"column":1}},"4":{"start":{"line":42,"column":24},"end":{"line":42,"column":26}},"5":{"start":{"line":49,"column":28},"end":{"line":49,"column":42}},"6":{"start":{"line":50,"column":21},"end":{"line":50,"column":22}},"7":{"start":{"line":51,"column":33},"end":{"line":56,"column":10}},"8":{"start":{"line":52,"column":12},"end":{"line":55,"column":45}},"9":{"start":{"line":57,"column":8},"end":{"line":62,"column":9}},"10":{"start":{"line":58,"column":12},"end":{"line":58,"column":27}},"11":{"start":{"line":60,"column":13},"end":{"line":62,"column":9}},"12":{"start":{"line":61,"column":12},"end":{"line":61,"column":27}},"13":{"start":{"line":63,"column":8},"end":{"line":67,"column":9}},"14":{"start":{"line":64,"column":12},"end":{"line":66,"column":31}},"15":{"start":{"line":68,"column":8},"end":{"line":73,"column":9}},"16":{"start":{"line":69,"column":12},"end":{"line":69,"column":32}},"17":{"start":{"line":71,"column":13},"end":{"line":73,"column":9}},"18":{"start":{"line":72,"column":12},"end":{"line":72,"column":32}},"19":{"start":{"line":75,"column":27},"end":{"line":80,"column":10}},"20":{"start":{"line":76,"column":12},"end":{"line":79,"column":45}},"21":{"start":{"line":82,"column":8},"end":{"line":87,"column":9}},"22":{"start":{"line":83,"column":12},"end":{"line":83,"column":23}},"23":{"start":{"line":86,"column":12},"end":{"line":86,"column":42}},"24":{"start":{"line":88,"column":18},"end":{"line":88,"column":31}},"25":{"start":{"line":89,"column":18},"end":{"line":89,"column":31}},"26":{"start":{"line":92,"column":8},"end":{"line":94,"column":9}},"27":{"start":{"line":93,"column":12},"end":{"line":93,"column":26}},"28":{"start":{"line":95,"column":8},"end":{"line":97,"column":9}},"29":{"start":{"line":96,"column":12},"end":{"line":96,"column":26}},"30":{"start":{"line":98,"column":8},"end":{"line":100,"column":9}},"31":{"start":{"line":99,"column":12},"end":{"line":99,"column":26}},"32":{"start":{"line":101,"column":8},"end":{"line":103,"column":9}},"33":{"start":{"line":102,"column":12},"end":{"line":102,"column":26}},"34":{"start":{"line":104,"column":8},"end":{"line":110,"column":9}},"35":{"start":{"line":105,"column":12},"end":{"line":105,"column":21}},"36":{"start":{"line":108,"column":12},"end":{"line":109,"column":192}},"37":{"start":{"line":112,"column":17},"end":{"line":112,"column":18}},"38":{"start":{"line":113,"column":4},"end":{"line":113,"column":80}},"39":{"start":{"line":113,"column":47},"end":{"line":113,"column":76}},"40":{"start":{"line":115,"column":4},"end":{"line":122,"column":5}},"41":{"start":{"line":115,"column":17},"end":{"line":115,"column":18}},"42":{"start":{"line":116,"column":32},"end":{"line":116,"column":54}},"43":{"start":{"line":117,"column":8},"end":{"line":121,"column":88}},"44":{"start":{"line":123,"column":4},"end":{"line":123,"column":18}},"45":{"start":{"line":125,"column":0},"end":{"line":125,"column":30}}},"fnMap":{"0":{"name":"getPoints","decl":{"start":{"line":41,"column":9},"end":{"line":41,"column":18}},"loc":{"start":{"line":41,"column":38},"end":{"line":124,"column":1}},"line":41},"1":{"name":"treverse","decl":{"start":{"line":48,"column":13},"end":{"line":48,"column":21}},"loc":{"start":{"line":48,"column":130},"end":{"line":111,"column":5}},"line":48},"2":{"name":"(anonymous_2)","decl":{"start":{"line":51,"column":59},"end":{"line":51,"column":60}},"loc":{"start":{"line":51,"column":75},"end":{"line":56,"column":9}},"line":51},"3":{"name":"(anonymous_3)","decl":{"start":{"line":75,"column":46},"end":{"line":75,"column":47}},"loc":{"start":{"line":75,"column":62},"end":{"line":80,"column":9}},"line":75},"4":{"name":"(anonymous_4)","decl":{"start":{"line":113,"column":29},"end":{"line":113,"column":30}},"loc":{"start":{"line":113,"column":45},"end":{"line":113,"column":78}},"line":113}},"branchMap":{"0":{"loc":{"start":{"line":52,"column":19},"end":{"line":55,"column":44}},"type":"binary-expr","locations":[{"start":{"line":52,"column":19},"end":{"line":52,"column":45}},{"start":{"line":53,"column":16},"end":{"line":53,"column":42}},{"start":{"line":54,"column":16},"end":{"line":54,"column":50}},{"start":{"line":55,"column":16},"end":{"line":55,"column":44}}],"line":52},"1":{"loc":{"start":{"line":57,"column":8},"end":{"line":62,"column":9}},"type":"if","locations":[{"start":{"line":57,"column":8},"end":{"line":62,"column":9}},{"start":{"line":60,"column":13},"end":{"line":62,"column":9}}],"line":57},"2":{"loc":{"start":{"line":57,"column":12},"end":{"line":57,"column":57}},"type":"binary-expr","locations":[{"start":{"line":57,"column":12},"end":{"line":57,"column":35}},{"start":{"line":57,"column":39},"end":{"line":57,"column":57}}],"line":57},"3":{"loc":{"start":{"line":60,"column":13},"end":{"line":62,"column":9}},"type":"if","locations":[{"start":{"line":60,"column":13},"end":{"line":62,"column":9}},{"start":{},"end":{}}],"line":60},"4":{"loc":{"start":{"line":60,"column":17},"end":{"line":60,"column":62}},"type":"binary-expr","locations":[{"start":{"line":60,"column":17},"end":{"line":60,"column":40}},{"start":{"line":60,"column":44},"end":{"line":60,"column":62}}],"line":60},"5":{"loc":{"start":{"line":63,"column":8},"end":{"line":67,"column":9}},"type":"if","locations":[{"start":{"line":63,"column":8},"end":{"line":67,"column":9}},{"start":{},"end":{}}],"line":63},"6":{"loc":{"start":{"line":68,"column":8},"end":{"line":73,"column":9}},"type":"if","locations":[{"start":{"line":68,"column":8},"end":{"line":73,"column":9}},{"start":{"line":71,"column":13},"end":{"line":73,"column":9}}],"line":68},"7":{"loc":{"start":{"line":68,"column":12},"end":{"line":68,"column":57}},"type":"binary-expr","locations":[{"start":{"line":68,"column":12},"end":{"line":68,"column":35}},{"start":{"line":68,"column":39},"end":{"line":68,"column":57}}],"line":68},"8":{"loc":{"start":{"line":71,"column":13},"end":{"line":73,"column":9}},"type":"if","locations":[{"start":{"line":71,"column":13},"end":{"line":73,"column":9}},{"start":{},"end":{}}],"line":71},"9":{"loc":{"start":{"line":71,"column":17},"end":{"line":71,"column":62}},"type":"binary-expr","locations":[{"start":{"line":71,"column":17},"end":{"line":71,"column":40}},{"start":{"line":71,"column":44},"end":{"line":71,"column":62}}],"line":71},"10":{"loc":{"start":{"line":76,"column":19},"end":{"line":79,"column":44}},"type":"binary-expr","locations":[{"start":{"line":76,"column":19},"end":{"line":76,"column":45}},{"start":{"line":77,"column":16},"end":{"line":77,"column":42}},{"start":{"line":78,"column":16},"end":{"line":78,"column":50}},{"start":{"line":79,"column":16},"end":{"line":79,"column":44}}],"line":76},"11":{"loc":{"start":{"line":82,"column":8},"end":{"line":87,"column":9}},"type":"if","locations":[{"start":{"line":82,"column":8},"end":{"line":87,"column":9}},{"start":{"line":85,"column":13},"end":{"line":87,"column":9}}],"line":82},"12":{"loc":{"start":{"line":92,"column":8},"end":{"line":94,"column":9}},"type":"if","locations":[{"start":{"line":92,"column":8},"end":{"line":94,"column":9}},{"start":{},"end":{}}],"line":92},"13":{"loc":{"start":{"line":92,"column":12},"end":{"line":92,"column":60}},"type":"binary-expr","locations":[{"start":{"line":92,"column":12},"end":{"line":92,"column":37}},{"start":{"line":92,"column":41},"end":{"line":92,"column":60}}],"line":92},"14":{"loc":{"start":{"line":95,"column":8},"end":{"line":97,"column":9}},"type":"if","locations":[{"start":{"line":95,"column":8},"end":{"line":97,"column":9}},{"start":{},"end":{}}],"line":95},"15":{"loc":{"start":{"line":95,"column":12},"end":{"line":95,"column":60}},"type":"binary-expr","locations":[{"start":{"line":95,"column":12},"end":{"line":95,"column":37}},{"start":{"line":95,"column":41},"end":{"line":95,"column":60}}],"line":95},"16":{"loc":{"start":{"line":98,"column":8},"end":{"line":100,"column":9}},"type":"if","locations":[{"start":{"line":98,"column":8},"end":{"line":100,"column":9}},{"start":{},"end":{}}],"line":98},"17":{"loc":{"start":{"line":98,"column":12},"end":{"line":98,"column":63}},"type":"binary-expr","locations":[{"start":{"line":98,"column":12},"end":{"line":98,"column":37}},{"start":{"line":98,"column":41},"end":{"line":98,"column":63}}],"line":98},"18":{"loc":{"start":{"line":101,"column":8},"end":{"line":103,"column":9}},"type":"if","locations":[{"start":{"line":101,"column":8},"end":{"line":103,"column":9}},{"start":{},"end":{}}],"line":101},"19":{"loc":{"start":{"line":101,"column":12},"end":{"line":101,"column":63}},"type":"binary-expr","locations":[{"start":{"line":101,"column":12},"end":{"line":101,"column":37}},{"start":{"line":101,"column":41},"end":{"line":101,"column":63}}],"line":101},"20":{"loc":{"start":{"line":104,"column":8},"end":{"line":110,"column":9}},"type":"if","locations":[{"start":{"line":104,"column":8},"end":{"line":110,"column":9}},{"start":{"line":107,"column":13},"end":{"line":110,"column":9}}],"line":104}},"s":{"0":1,"1":1,"2":1,"3":1,"4":1,"5":67,"6":67,"7":67,"8":327,"9":67,"10":7,"11":60,"12":4,"13":67,"14":45,"15":67,"16":14,"17":53,"18":8,"19":67,"20":598,"21":67,"22":41,"23":26,"24":67,"25":67,"26":67,"27":1,"28":66,"29":1,"30":65,"31":1,"32":64,"33":1,"34":63,"35":20,"36":43,"37":1,"38":1,"39":10,"40":1,"41":1,"42":6,"43":6,"44":1,"45":1},"f":{"0":1,"1":67,"2":327,"3":598,"4":10},"b":{"0":[327,48,36,33],"1":[7,60],"2":[67,11],"3":[4,56],"4":[60,4],"5":[45,22],"6":[14,53],"7":[67,14],"8":[8,45],"9":[53,9],"10":[598,72,44,41],"11":[41,26],"12":[1,66],"13":[67,5],"14":[1,65],"15":[66,1],"16":[1,64],"17":[65,4],"18":[1,63],"19":[64,1],"20":[20,43]},"inputSourceMap":null,"_coverageSchema":"1a1c01bbd47fc00a2c39e90264f33305004495a9","hash":"072589da591d51c31fa59ff5227e89e215df7649"}
,"C:\\Users\\DanHo\\Documents\\Code\\PKD\\Project\\Scrabble\\lib\\queue_array.js": {"path":"C:\\Users\\DanHo\\Documents\\Code\\PKD\\Project\\Scrabble\\lib\\queue_array.js","statementMap":{"0":{"start":{"line":2,"column":0},"end":{"line":2,"column":62}},"1":{"start":{"line":3,"column":0},"end":{"line":3,"column":117}},"2":{"start":{"line":10,"column":4},"end":{"line":10,"column":22}},"3":{"start":{"line":12,"column":0},"end":{"line":12,"column":22}},"4":{"start":{"line":20,"column":4},"end":{"line":20,"column":25}},"5":{"start":{"line":22,"column":0},"end":{"line":22,"column":28}},"6":{"start":{"line":31,"column":21},"end":{"line":31,"column":25}},"7":{"start":{"line":32,"column":4},"end":{"line":32,"column":25}},"8":{"start":{"line":33,"column":4},"end":{"line":33,"column":26}},"9":{"start":{"line":35,"column":0},"end":{"line":35,"column":26}},"10":{"start":{"line":44,"column":21},"end":{"line":44,"column":25}},"11":{"start":{"line":45,"column":4},"end":{"line":45,"column":28}},"12":{"start":{"line":47,"column":0},"end":{"line":47,"column":20}},"13":{"start":{"line":56,"column":21},"end":{"line":56,"column":25}},"14":{"start":{"line":57,"column":4},"end":{"line":57,"column":26}},"15":{"start":{"line":59,"column":0},"end":{"line":59,"column":26}},"16":{"start":{"line":66,"column":4},"end":{"line":66,"column":40}},"17":{"start":{"line":68,"column":0},"end":{"line":68,"column":38}}},"fnMap":{"0":{"name":"empty","decl":{"start":{"line":9,"column":9},"end":{"line":9,"column":14}},"loc":{"start":{"line":9,"column":17},"end":{"line":11,"column":1}},"line":9},"1":{"name":"is_empty","decl":{"start":{"line":19,"column":9},"end":{"line":19,"column":17}},"loc":{"start":{"line":19,"column":21},"end":{"line":21,"column":1}},"line":19},"2":{"name":"enqueue","decl":{"start":{"line":30,"column":9},"end":{"line":30,"column":16}},"loc":{"start":{"line":30,"column":23},"end":{"line":34,"column":1}},"line":30},"3":{"name":"head","decl":{"start":{"line":43,"column":9},"end":{"line":43,"column":13}},"loc":{"start":{"line":43,"column":17},"end":{"line":46,"column":1}},"line":43},"4":{"name":"dequeue","decl":{"start":{"line":55,"column":9},"end":{"line":55,"column":16}},"loc":{"start":{"line":55,"column":20},"end":{"line":58,"column":1}},"line":55},"5":{"name":"display_queue","decl":{"start":{"line":65,"column":9},"end":{"line":65,"column":22}},"loc":{"start":{"line":65,"column":26},"end":{"line":67,"column":1}},"line":65}},"branchMap":{},"s":{"0":1,"1":1,"2":1,"3":1,"4":1,"5":1,"6":98,"7":98,"8":98,"9":1,"10":0,"11":0,"12":1,"13":0,"14":0,"15":1,"16":0,"17":1},"f":{"0":1,"1":1,"2":98,"3":0,"4":0,"5":0},"b":{},"inputSourceMap":null,"_coverageSchema":"1a1c01bbd47fc00a2c39e90264f33305004495a9","hash":"40c87d287ae4351f3f3ed55cc5281ab55215765f"}
,"C:\\Users\\DanHo\\Documents\\Code\\PKD\\Project\\Scrabble\\lib\\randomLetters.js": {"path":"C:\\Users\\DanHo\\Documents\\Code\\PKD\\Project\\Scrabble\\lib\\randomLetters.js","statementMap":{"0":{"start":{"line":2,"column":0},"end":{"line":2,"column":62}},"1":{"start":{"line":3,"column":0},"end":{"line":3,"column":39}},"2":{"start":{"line":4,"column":8},"end":{"line":4,"column":32}},"3":{"start":{"line":17,"column":18},"end":{"line":116,"column":5}},"4":{"start":{"line":117,"column":24},"end":{"line":117,"column":33}},"5":{"start":{"line":118,"column":27},"end":{"line":118,"column":43}},"6":{"start":{"line":119,"column":4},"end":{"line":121,"column":5}},"7":{"start":{"line":119,"column":17},"end":{"line":119,"column":18}},"8":{"start":{"line":120,"column":8},"end":{"line":120,"column":54}},"9":{"start":{"line":122,"column":4},"end":{"line":122,"column":25}},"10":{"start":{"line":124,"column":0},"end":{"line":124,"column":54}},"11":{"start":{"line":137,"column":23},"end":{"line":137,"column":35}},"12":{"start":{"line":139,"column":4},"end":{"line":148,"column":5}},"13":{"start":{"line":141,"column":8},"end":{"line":141,"column":63}},"14":{"start":{"line":142,"column":8},"end":{"line":142,"column":23}},"15":{"start":{"line":144,"column":8},"end":{"line":147,"column":67}},"16":{"start":{"line":149,"column":4},"end":{"line":149,"column":17}}},"fnMap":{"0":{"name":"generateRandomLetters","decl":{"start":{"line":16,"column":9},"end":{"line":16,"column":30}},"loc":{"start":{"line":16,"column":33},"end":{"line":123,"column":1}},"line":16},"1":{"name":"shuffle","decl":{"start":{"line":135,"column":9},"end":{"line":135,"column":16}},"loc":{"start":{"line":135,"column":24},"end":{"line":150,"column":1}},"line":135}},"branchMap":{},"s":{"0":1,"1":1,"2":1,"3":1,"4":1,"5":1,"6":1,"7":1,"8":98,"9":1,"10":1,"11":1,"12":1,"13":98,"14":98,"15":98,"16":1},"f":{"0":1,"1":1},"b":{},"inputSourceMap":null,"_coverageSchema":"1a1c01bbd47fc00a2c39e90264f33305004495a9","hash":"09321ac68bca0bffc9948101f92ff579ce773e0b"}
,"C:\\Users\\DanHo\\Documents\\Code\\PKD\\Project\\Scrabble\\lib\\saveData.js": {"path":"C:\\Users\\DanHo\\Documents\\Code\\PKD\\Project\\Scrabble\\lib\\saveData.js","statementMap":{"0":{"start":{"line":2,"column":0},"end":{"line":2,"column":62}},"1":{"start":{"line":3,"column":0},"end":{"line":3,"column":98}},"2":{"start":{"line":7,"column":19},"end":{"line":7,"column":41}},"3":{"start":{"line":8,"column":19},"end":{"line":8,"column":21}},"4":{"start":{"line":9,"column":4},"end":{"line":13,"column":7}},"5":{"start":{"line":10,"column":25},"end":{"line":10,"column":38}},"6":{"start":{"line":11,"column":27},"end":{"line":11,"column":46}},"7":{"start":{"line":12,"column":8},"end":{"line":12,"column":44}},"8":{"start":{"line":14,"column":4},"end":{"line":14,"column":20}},"9":{"start":{"line":16,"column":0},"end":{"line":16,"column":42}},"10":{"start":{"line":18,"column":20},"end":{"line":18,"column":22}},"11":{"start":{"line":19,"column":4},"end":{"line":22,"column":7}},"12":{"start":{"line":20,"column":27},"end":{"line":20,"column":47}},"13":{"start":{"line":21,"column":8},"end":{"line":21,"column":52}},"14":{"start":{"line":23,"column":4},"end":{"line":23,"column":37}},"15":{"start":{"line":25,"column":0},"end":{"line":25,"column":42}},"16":{"start":{"line":27,"column":4},"end":{"line":27,"column":65}},"17":{"start":{"line":29,"column":0},"end":{"line":29,"column":30}},"18":{"start":{"line":31,"column":21},"end":{"line":31,"column":53}},"19":{"start":{"line":32,"column":21},"end":{"line":32,"column":23}},"20":{"start":{"line":33,"column":4},"end":{"line":38,"column":5}},"21":{"start":{"line":34,"column":8},"end":{"line":34,"column":26}},"22":{"start":{"line":37,"column":8},"end":{"line":37,"column":43}},"23":{"start":{"line":40,"column":0},"end":{"line":40,"column":28}}},"fnMap":{"0":{"name":"jsonToUserArray","decl":{"start":{"line":6,"column":9},"end":{"line":6,"column":24}},"loc":{"start":{"line":6,"column":37},"end":{"line":15,"column":1}},"line":6},"1":{"name":"(anonymous_1)","decl":{"start":{"line":9,"column":21},"end":{"line":9,"column":22}},"loc":{"start":{"line":9,"column":34},"end":{"line":13,"column":5}},"line":9},"2":{"name":"userArrayToJson","decl":{"start":{"line":17,"column":9},"end":{"line":17,"column":24}},"loc":{"start":{"line":17,"column":36},"end":{"line":24,"column":1}},"line":17},"3":{"name":"(anonymous_3)","decl":{"start":{"line":19,"column":22},"end":{"line":19,"column":23}},"loc":{"start":{"line":19,"column":35},"end":{"line":22,"column":5}},"line":19},"4":{"name":"saveUsers","decl":{"start":{"line":26,"column":9},"end":{"line":26,"column":18}},"loc":{"start":{"line":26,"column":30},"end":{"line":28,"column":1}},"line":26},"5":{"name":"getUsers","decl":{"start":{"line":30,"column":9},"end":{"line":30,"column":17}},"loc":{"start":{"line":30,"column":20},"end":{"line":39,"column":1}},"line":30}},"branchMap":{"0":{"loc":{"start":{"line":33,"column":4},"end":{"line":38,"column":5}},"type":"if","locations":[{"start":{"line":33,"column":4},"end":{"line":38,"column":5}},{"start":{"line":36,"column":9},"end":{"line":38,"column":5}}],"line":33}},"s":{"0":1,"1":1,"2":1,"3":1,"4":1,"5":2,"6":2,"7":2,"8":1,"9":1,"10":1,"11":1,"12":2,"13":2,"14":1,"15":1,"16":0,"17":1,"18":0,"19":0,"20":0,"21":0,"22":0,"23":1},"f":{"0":1,"1":2,"2":1,"3":2,"4":0,"5":0},"b":{"0":[0,0]},"inputSourceMap":null,"_coverageSchema":"1a1c01bbd47fc00a2c39e90264f33305004495a9","hash":"94b27b7230889da6c2561d68be91e57db011c2b1"}
,"C:\\Users\\DanHo\\Documents\\Code\\PKD\\Project\\Scrabble\\lib\\spellChecker.js": {"path":"C:\\Users\\DanHo\\Documents\\Code\\PKD\\Project\\Scrabble\\lib\\spellChecker.js","statementMap":{"0":{"start":{"line":2,"column":0},"end":{"line":2,"column":62}},"1":{"start":{"line":3,"column":0},"end":{"line":3,"column":35}},"2":{"start":{"line":16,"column":14},"end":{"line":16,"column":15}},"3":{"start":{"line":17,"column":15},"end":{"line":17,"column":36}},"4":{"start":{"line":18,"column":4},"end":{"line":30,"column":5}},"5":{"start":{"line":19,"column":18},"end":{"line":19,"column":46}},"6":{"start":{"line":20,"column":20},"end":{"line":20,"column":35}},"7":{"start":{"line":21,"column":8},"end":{"line":23,"column":9}},"8":{"start":{"line":22,"column":12},"end":{"line":22,"column":24}},"9":{"start":{"line":24,"column":8},"end":{"line":29,"column":9}},"10":{"start":{"line":25,"column":12},"end":{"line":25,"column":26}},"11":{"start":{"line":28,"column":12},"end":{"line":28,"column":27}},"12":{"start":{"line":31,"column":4},"end":{"line":31,"column":17}},"13":{"start":{"line":46,"column":16},"end":{"line":46,"column":18}},"14":{"start":{"line":48,"column":20},"end":{"line":53,"column":5}},"15":{"start":{"line":49,"column":8},"end":{"line":51,"column":9}},"16":{"start":{"line":50,"column":12},"end":{"line":50,"column":44}},"17":{"start":{"line":52,"column":8},"end":{"line":52,"column":18}},"18":{"start":{"line":55,"column":4},"end":{"line":69,"column":5}},"19":{"start":{"line":55,"column":19},"end":{"line":55,"column":20}},"20":{"start":{"line":56,"column":29},"end":{"line":56,"column":31}},"21":{"start":{"line":57,"column":8},"end":{"line":68,"column":9}},"22":{"start":{"line":57,"column":23},"end":{"line":57,"column":24}},"23":{"start":{"line":59,"column":12},"end":{"line":61,"column":13}},"24":{"start":{"line":60,"column":16},"end":{"line":60,"column":54}},"25":{"start":{"line":63,"column":12},"end":{"line":67,"column":13}},"26":{"start":{"line":64,"column":16},"end":{"line":65,"column":47}},"27":{"start":{"line":65,"column":20},"end":{"line":65,"column":47}},"28":{"start":{"line":66,"column":16},"end":{"line":66,"column":36}},"29":{"start":{"line":71,"column":4},"end":{"line":83,"column":5}},"30":{"start":{"line":71,"column":19},"end":{"line":71,"column":20}},"31":{"start":{"line":72,"column":27},"end":{"line":72,"column":29}},"32":{"start":{"line":73,"column":8},"end":{"line":82,"column":9}},"33":{"start":{"line":73,"column":23},"end":{"line":73,"column":24}},"34":{"start":{"line":74,"column":12},"end":{"line":76,"column":13}},"35":{"start":{"line":75,"column":16},"end":{"line":75,"column":52}},"36":{"start":{"line":77,"column":12},"end":{"line":81,"column":13}},"37":{"start":{"line":78,"column":16},"end":{"line":79,"column":45}},"38":{"start":{"line":79,"column":20},"end":{"line":79,"column":45}},"39":{"start":{"line":80,"column":16},"end":{"line":80,"column":34}},"40":{"start":{"line":84,"column":32},"end":{"line":96,"column":10}},"41":{"start":{"line":84,"column":74},"end":{"line":96,"column":7}},"42":{"start":{"line":85,"column":8},"end":{"line":94,"column":9}},"43":{"start":{"line":86,"column":32},"end":{"line":91,"column":13}},"44":{"start":{"line":93,"column":12},"end":{"line":93,"column":88}},"45":{"start":{"line":93,"column":61},"end":{"line":93,"column":84}},"46":{"start":{"line":95,"column":8},"end":{"line":95,"column":21}},"47":{"start":{"line":97,"column":4},"end":{"line":99,"column":5}},"48":{"start":{"line":98,"column":8},"end":{"line":98,"column":21}},"49":{"start":{"line":100,"column":4},"end":{"line":100,"column":23}},"50":{"start":{"line":102,"column":21},"end":{"line":102,"column":90}},"51":{"start":{"line":102,"column":52},"end":{"line":102,"column":87}},"52":{"start":{"line":104,"column":4},"end":{"line":104,"column":46}},"53":{"start":{"line":106,"column":0},"end":{"line":106,"column":46}}},"fnMap":{"0":{"name":"binarySearch","decl":{"start":{"line":15,"column":9},"end":{"line":15,"column":21}},"loc":{"start":{"line":15,"column":42},"end":{"line":32,"column":1}},"line":15},"1":{"name":"checkWordsOnBoard","decl":{"start":{"line":45,"column":9},"end":{"line":45,"column":26}},"loc":{"start":{"line":45,"column":47},"end":{"line":105,"column":1}},"line":45},"2":{"name":"(anonymous_2)","decl":{"start":{"line":48,"column":20},"end":{"line":48,"column":21}},"loc":{"start":{"line":48,"column":40},"end":{"line":53,"column":5}},"line":48},"3":{"name":"(anonymous_3)","decl":{"start":{"line":84,"column":47},"end":{"line":84,"column":48}},"loc":{"start":{"line":84,"column":72},"end":{"line":96,"column":9}},"line":84},"4":{"name":"(anonymous_4)","decl":{"start":{"line":84,"column":90},"end":{"line":84,"column":91}},"loc":{"start":{"line":84,"column":116},"end":{"line":96,"column":5}},"line":84},"5":{"name":"(anonymous_5)","decl":{"start":{"line":93,"column":39},"end":{"line":93,"column":40}},"loc":{"start":{"line":93,"column":59},"end":{"line":93,"column":86}},"line":93},"6":{"name":"(anonymous_6)","decl":{"start":{"line":102,"column":34},"end":{"line":102,"column":35}},"loc":{"start":{"line":102,"column":50},"end":{"line":102,"column":89}},"line":102}},"branchMap":{"0":{"loc":{"start":{"line":21,"column":8},"end":{"line":23,"column":9}},"type":"if","locations":[{"start":{"line":21,"column":8},"end":{"line":23,"column":9}},{"start":{},"end":{}}],"line":21},"1":{"loc":{"start":{"line":24,"column":8},"end":{"line":29,"column":9}},"type":"if","locations":[{"start":{"line":24,"column":8},"end":{"line":29,"column":9}},{"start":{"line":27,"column":13},"end":{"line":29,"column":9}}],"line":24},"2":{"loc":{"start":{"line":49,"column":8},"end":{"line":51,"column":9}},"type":"if","locations":[{"start":{"line":49,"column":8},"end":{"line":51,"column":9}},{"start":{},"end":{}}],"line":49},"3":{"loc":{"start":{"line":49,"column":12},"end":{"line":49,"column":65}},"type":"binary-expr","locations":[{"start":{"line":49,"column":12},"end":{"line":49,"column":34}},{"start":{"line":49,"column":38},"end":{"line":49,"column":65}}],"line":49},"4":{"loc":{"start":{"line":59,"column":12},"end":{"line":61,"column":13}},"type":"if","locations":[{"start":{"line":59,"column":12},"end":{"line":61,"column":13}},{"start":{},"end":{}}],"line":59},"5":{"loc":{"start":{"line":63,"column":12},"end":{"line":67,"column":13}},"type":"if","locations":[{"start":{"line":63,"column":12},"end":{"line":67,"column":13}},{"start":{},"end":{}}],"line":63},"6":{"loc":{"start":{"line":63,"column":16},"end":{"line":63,"column":83}},"type":"binary-expr","locations":[{"start":{"line":63,"column":16},"end":{"line":63,"column":46}},{"start":{"line":63,"column":50},"end":{"line":63,"column":83}}],"line":63},"7":{"loc":{"start":{"line":64,"column":16},"end":{"line":65,"column":47}},"type":"if","locations":[{"start":{"line":64,"column":16},"end":{"line":65,"column":47}},{"start":{},"end":{}}],"line":64},"8":{"loc":{"start":{"line":74,"column":12},"end":{"line":76,"column":13}},"type":"if","locations":[{"start":{"line":74,"column":12},"end":{"line":76,"column":13}},{"start":{},"end":{}}],"line":74},"9":{"loc":{"start":{"line":77,"column":12},"end":{"line":81,"column":13}},"type":"if","locations":[{"start":{"line":77,"column":12},"end":{"line":81,"column":13}},{"start":{},"end":{}}],"line":77},"10":{"loc":{"start":{"line":77,"column":16},"end":{"line":77,"column":78}},"type":"binary-expr","locations":[{"start":{"line":77,"column":16},"end":{"line":77,"column":46}},{"start":{"line":77,"column":50},"end":{"line":77,"column":78}}],"line":77},"11":{"loc":{"start":{"line":78,"column":16},"end":{"line":79,"column":45}},"type":"if","locations":[{"start":{"line":78,"column":16},"end":{"line":79,"column":45}},{"start":{},"end":{}}],"line":78},"12":{"loc":{"start":{"line":85,"column":8},"end":{"line":94,"column":9}},"type":"if","locations":[{"start":{"line":85,"column":8},"end":{"line":94,"column":9}},{"start":{},"end":{}}],"line":85},"13":{"loc":{"start":{"line":87,"column":16},"end":{"line":87,"column":69}},"type":"cond-expr","locations":[{"start":{"line":87,"column":31},"end":{"line":87,"column":64}},{"start":{"line":87,"column":67},"end":{"line":87,"column":69}}],"line":87},"14":{"loc":{"start":{"line":88,"column":16},"end":{"line":88,"column":88}},"type":"cond-expr","locations":[{"start":{"line":88,"column":50},"end":{"line":88,"column":83}},{"start":{"line":88,"column":86},"end":{"line":88,"column":88}}],"line":88},"15":{"loc":{"start":{"line":89,"column":16},"end":{"line":89,"column":69}},"type":"cond-expr","locations":[{"start":{"line":89,"column":31},"end":{"line":89,"column":64}},{"start":{"line":89,"column":67},"end":{"line":89,"column":69}}],"line":89},"16":{"loc":{"start":{"line":90,"column":16},"end":{"line":90,"column":82}},"type":"cond-expr","locations":[{"start":{"line":90,"column":44},"end":{"line":90,"column":77}},{"start":{"line":90,"column":80},"end":{"line":90,"column":82}}],"line":90},"17":{"loc":{"start":{"line":97,"column":4},"end":{"line":99,"column":5}},"type":"if","locations":[{"start":{"line":97,"column":4},"end":{"line":99,"column":5}},{"start":{},"end":{}}],"line":97}},"s":{"0":1,"1":1,"2":3,"3":3,"4":3,"5":52,"6":52,"7":52,"8":2,"9":50,"10":26,"11":24,"12":1,"13":4,"14":4,"15":3654,"16":3534,"17":120,"18":4,"19":4,"20":60,"21":60,"22":60,"23":900,"24":9,"25":900,"26":891,"27":2,"28":891,"29":4,"30":4,"31":60,"32":60,"33":60,"34":900,"35":9,"36":900,"37":891,"38":1,"39":891,"40":4,"41":52,"42":773,"43":9,"44":9,"45":27,"46":764,"47":4,"48":1,"49":3,"50":3,"51":3,"52":3,"53":1},"f":{"0":3,"1":4,"2":3654,"3":52,"4":773,"5":27,"6":3},"b":{"0":[2,50],"1":[26,24],"2":[3534,120],"3":[3654,3594],"4":[9,891],"5":[891,9],"6":[900,9],"7":[2,889],"8":[9,891],"9":[891,9],"10":[900,9],"11":[1,890],"12":[9,764],"13":[9,0],"14":[9,0],"15":[9,0],"16":[9,0],"17":[1,3]},"inputSourceMap":null,"_coverageSchema":"1a1c01bbd47fc00a2c39e90264f33305004495a9","hash":"9b426bbfede522478cb4acaa13b7fdf6e89bae66"}
}
