{"/home/Dan/Code/Github/Scrabble/lib/pointCounter.js": {"path":"/home/Dan/Code/Github/Scrabble/lib/pointCounter.js","statementMap":{"0":{"start":{"line":2,"column":0},"end":{"line":2,"column":62}},"1":{"start":{"line":3,"column":0},"end":{"line":3,"column":27}},"2":{"start":{"line":4,"column":17},"end":{"line":4,"column":65}},"3":{"start":{"line":5,"column":16},"end":{"line":32,"column":1}},"4":{"start":{"line":42,"column":24},"end":{"line":42,"column":26}},"5":{"start":{"line":49,"column":28},"end":{"line":49,"column":42}},"6":{"start":{"line":50,"column":21},"end":{"line":50,"column":22}},"7":{"start":{"line":51,"column":33},"end":{"line":56,"column":10}},"8":{"start":{"line":52,"column":12},"end":{"line":55,"column":45}},"9":{"start":{"line":57,"column":8},"end":{"line":62,"column":9}},"10":{"start":{"line":58,"column":12},"end":{"line":58,"column":27}},"11":{"start":{"line":60,"column":13},"end":{"line":62,"column":9}},"12":{"start":{"line":61,"column":12},"end":{"line":61,"column":27}},"13":{"start":{"line":63,"column":8},"end":{"line":67,"column":9}},"14":{"start":{"line":64,"column":12},"end":{"line":66,"column":31}},"15":{"start":{"line":68,"column":8},"end":{"line":73,"column":9}},"16":{"start":{"line":69,"column":12},"end":{"line":69,"column":32}},"17":{"start":{"line":71,"column":13},"end":{"line":73,"column":9}},"18":{"start":{"line":72,"column":12},"end":{"line":72,"column":32}},"19":{"start":{"line":75,"column":27},"end":{"line":80,"column":10}},"20":{"start":{"line":76,"column":12},"end":{"line":79,"column":45}},"21":{"start":{"line":82,"column":8},"end":{"line":87,"column":9}},"22":{"start":{"line":83,"column":12},"end":{"line":83,"column":23}},"23":{"start":{"line":86,"column":12},"end":{"line":86,"column":42}},"24":{"start":{"line":88,"column":18},"end":{"line":88,"column":31}},"25":{"start":{"line":89,"column":18},"end":{"line":89,"column":31}},"26":{"start":{"line":92,"column":8},"end":{"line":94,"column":9}},"27":{"start":{"line":93,"column":12},"end":{"line":93,"column":26}},"28":{"start":{"line":95,"column":8},"end":{"line":97,"column":9}},"29":{"start":{"line":96,"column":12},"end":{"line":96,"column":26}},"30":{"start":{"line":98,"column":8},"end":{"line":100,"column":9}},"31":{"start":{"line":99,"column":12},"end":{"line":99,"column":26}},"32":{"start":{"line":101,"column":8},"end":{"line":103,"column":9}},"33":{"start":{"line":102,"column":12},"end":{"line":102,"column":26}},"34":{"start":{"line":104,"column":8},"end":{"line":110,"column":9}},"35":{"start":{"line":105,"column":12},"end":{"line":105,"column":21}},"36":{"start":{"line":108,"column":12},"end":{"line":109,"column":192}},"37":{"start":{"line":112,"column":17},"end":{"line":112,"column":18}},"38":{"start":{"line":113,"column":4},"end":{"line":113,"column":80}},"39":{"start":{"line":113,"column":47},"end":{"line":113,"column":76}},"40":{"start":{"line":115,"column":4},"end":{"line":122,"column":5}},"41":{"start":{"line":115,"column":17},"end":{"line":115,"column":18}},"42":{"start":{"line":116,"column":32},"end":{"line":116,"column":54}},"43":{"start":{"line":117,"column":8},"end":{"line":121,"column":88}},"44":{"start":{"line":123,"column":4},"end":{"line":123,"column":18}},"45":{"start":{"line":125,"column":0},"end":{"line":125,"column":30}}},"fnMap":{"0":{"name":"getPoints","decl":{"start":{"line":41,"column":9},"end":{"line":41,"column":18}},"loc":{"start":{"line":41,"column":38},"end":{"line":124,"column":1}},"line":41},"1":{"name":"treverse","decl":{"start":{"line":48,"column":13},"end":{"line":48,"column":21}},"loc":{"start":{"line":48,"column":130},"end":{"line":111,"column":5}},"line":48},"2":{"name":"(anonymous_2)","decl":{"start":{"line":51,"column":59},"end":{"line":51,"column":60}},"loc":{"start":{"line":51,"column":75},"end":{"line":56,"column":9}},"line":51},"3":{"name":"(anonymous_3)","decl":{"start":{"line":75,"column":46},"end":{"line":75,"column":47}},"loc":{"start":{"line":75,"column":62},"end":{"line":80,"column":9}},"line":75},"4":{"name":"(anonymous_4)","decl":{"start":{"line":113,"column":29},"end":{"line":113,"column":30}},"loc":{"start":{"line":113,"column":45},"end":{"line":113,"column":78}},"line":113}},"branchMap":{"0":{"loc":{"start":{"line":52,"column":19},"end":{"line":55,"column":44}},"type":"binary-expr","locations":[{"start":{"line":52,"column":19},"end":{"line":52,"column":45}},{"start":{"line":53,"column":16},"end":{"line":53,"column":42}},{"start":{"line":54,"column":16},"end":{"line":54,"column":50}},{"start":{"line":55,"column":16},"end":{"line":55,"column":44}}],"line":52},"1":{"loc":{"start":{"line":57,"column":8},"end":{"line":62,"column":9}},"type":"if","locations":[{"start":{"line":57,"column":8},"end":{"line":62,"column":9}},{"start":{"line":60,"column":13},"end":{"line":62,"column":9}}],"line":57},"2":{"loc":{"start":{"line":57,"column":12},"end":{"line":57,"column":57}},"type":"binary-expr","locations":[{"start":{"line":57,"column":12},"end":{"line":57,"column":35}},{"start":{"line":57,"column":39},"end":{"line":57,"column":57}}],"line":57},"3":{"loc":{"start":{"line":60,"column":13},"end":{"line":62,"column":9}},"type":"if","locations":[{"start":{"line":60,"column":13},"end":{"line":62,"column":9}},{"start":{},"end":{}}],"line":60},"4":{"loc":{"start":{"line":60,"column":17},"end":{"line":60,"column":62}},"type":"binary-expr","locations":[{"start":{"line":60,"column":17},"end":{"line":60,"column":40}},{"start":{"line":60,"column":44},"end":{"line":60,"column":62}}],"line":60},"5":{"loc":{"start":{"line":63,"column":8},"end":{"line":67,"column":9}},"type":"if","locations":[{"start":{"line":63,"column":8},"end":{"line":67,"column":9}},{"start":{},"end":{}}],"line":63},"6":{"loc":{"start":{"line":68,"column":8},"end":{"line":73,"column":9}},"type":"if","locations":[{"start":{"line":68,"column":8},"end":{"line":73,"column":9}},{"start":{"line":71,"column":13},"end":{"line":73,"column":9}}],"line":68},"7":{"loc":{"start":{"line":68,"column":12},"end":{"line":68,"column":57}},"type":"binary-expr","locations":[{"start":{"line":68,"column":12},"end":{"line":68,"column":35}},{"start":{"line":68,"column":39},"end":{"line":68,"column":57}}],"line":68},"8":{"loc":{"start":{"line":71,"column":13},"end":{"line":73,"column":9}},"type":"if","locations":[{"start":{"line":71,"column":13},"end":{"line":73,"column":9}},{"start":{},"end":{}}],"line":71},"9":{"loc":{"start":{"line":71,"column":17},"end":{"line":71,"column":62}},"type":"binary-expr","locations":[{"start":{"line":71,"column":17},"end":{"line":71,"column":40}},{"start":{"line":71,"column":44},"end":{"line":71,"column":62}}],"line":71},"10":{"loc":{"start":{"line":76,"column":19},"end":{"line":79,"column":44}},"type":"binary-expr","locations":[{"start":{"line":76,"column":19},"end":{"line":76,"column":45}},{"start":{"line":77,"column":16},"end":{"line":77,"column":42}},{"start":{"line":78,"column":16},"end":{"line":78,"column":50}},{"start":{"line":79,"column":16},"end":{"line":79,"column":44}}],"line":76},"11":{"loc":{"start":{"line":82,"column":8},"end":{"line":87,"column":9}},"type":"if","locations":[{"start":{"line":82,"column":8},"end":{"line":87,"column":9}},{"start":{"line":85,"column":13},"end":{"line":87,"column":9}}],"line":82},"12":{"loc":{"start":{"line":92,"column":8},"end":{"line":94,"column":9}},"type":"if","locations":[{"start":{"line":92,"column":8},"end":{"line":94,"column":9}},{"start":{},"end":{}}],"line":92},"13":{"loc":{"start":{"line":92,"column":12},"end":{"line":92,"column":60}},"type":"binary-expr","locations":[{"start":{"line":92,"column":12},"end":{"line":92,"column":37}},{"start":{"line":92,"column":41},"end":{"line":92,"column":60}}],"line":92},"14":{"loc":{"start":{"line":95,"column":8},"end":{"line":97,"column":9}},"type":"if","locations":[{"start":{"line":95,"column":8},"end":{"line":97,"column":9}},{"start":{},"end":{}}],"line":95},"15":{"loc":{"start":{"line":95,"column":12},"end":{"line":95,"column":60}},"type":"binary-expr","locations":[{"start":{"line":95,"column":12},"end":{"line":95,"column":37}},{"start":{"line":95,"column":41},"end":{"line":95,"column":60}}],"line":95},"16":{"loc":{"start":{"line":98,"column":8},"end":{"line":100,"column":9}},"type":"if","locations":[{"start":{"line":98,"column":8},"end":{"line":100,"column":9}},{"start":{},"end":{}}],"line":98},"17":{"loc":{"start":{"line":98,"column":12},"end":{"line":98,"column":63}},"type":"binary-expr","locations":[{"start":{"line":98,"column":12},"end":{"line":98,"column":37}},{"start":{"line":98,"column":41},"end":{"line":98,"column":63}}],"line":98},"18":{"loc":{"start":{"line":101,"column":8},"end":{"line":103,"column":9}},"type":"if","locations":[{"start":{"line":101,"column":8},"end":{"line":103,"column":9}},{"start":{},"end":{}}],"line":101},"19":{"loc":{"start":{"line":101,"column":12},"end":{"line":101,"column":63}},"type":"binary-expr","locations":[{"start":{"line":101,"column":12},"end":{"line":101,"column":37}},{"start":{"line":101,"column":41},"end":{"line":101,"column":63}}],"line":101},"20":{"loc":{"start":{"line":104,"column":8},"end":{"line":110,"column":9}},"type":"if","locations":[{"start":{"line":104,"column":8},"end":{"line":110,"column":9}},{"start":{"line":107,"column":13},"end":{"line":110,"column":9}}],"line":104}},"s":{"0":1,"1":1,"2":1,"3":1,"4":1,"5":53,"6":53,"7":53,"8":170,"9":53,"10":7,"11":46,"12":0,"13":53,"14":37,"15":53,"16":14,"17":39,"18":0,"19":53,"20":298,"21":53,"22":36,"23":17,"24":53,"25":53,"26":53,"27":0,"28":53,"29":0,"30":53,"31":0,"32":53,"33":0,"34":53,"35":16,"36":37,"37":1,"38":1,"39":6,"40":1,"41":1,"42":4,"43":4,"44":1,"45":1},"f":{"0":1,"1":53,"2":170,"3":298,"4":6},"b":{"0":[170,37,28,28],"1":[7,46],"2":[53,11],"3":[0,46],"4":[46,0],"5":[37,16],"6":[14,39],"7":[53,14],"8":[0,39],"9":[39,1],"10":[298,51,36,36],"11":[36,17],"12":[0,53],"13":[53,0],"14":[0,53],"15":[53,0],"16":[0,53],"17":[53,0],"18":[0,53],"19":[53,0],"20":[16,37]},"inputSourceMap":null,"_coverageSchema":"1a1c01bbd47fc00a2c39e90264f33305004495a9","hash":"5a0df40dd03a18dcb0990f2eba414fca81c7e004"}
,"/home/Dan/Code/Github/Scrabble/lib/spellChecker.js": {"path":"/home/Dan/Code/Github/Scrabble/lib/spellChecker.js","statementMap":{"0":{"start":{"line":2,"column":0},"end":{"line":2,"column":62}},"1":{"start":{"line":3,"column":0},"end":{"line":3,"column":35}},"2":{"start":{"line":16,"column":14},"end":{"line":16,"column":15}},"3":{"start":{"line":17,"column":15},"end":{"line":17,"column":36}},"4":{"start":{"line":18,"column":4},"end":{"line":30,"column":5}},"5":{"start":{"line":19,"column":18},"end":{"line":19,"column":46}},"6":{"start":{"line":20,"column":20},"end":{"line":20,"column":35}},"7":{"start":{"line":21,"column":8},"end":{"line":23,"column":9}},"8":{"start":{"line":22,"column":12},"end":{"line":22,"column":24}},"9":{"start":{"line":24,"column":8},"end":{"line":29,"column":9}},"10":{"start":{"line":25,"column":12},"end":{"line":25,"column":26}},"11":{"start":{"line":28,"column":12},"end":{"line":28,"column":27}},"12":{"start":{"line":31,"column":4},"end":{"line":31,"column":17}},"13":{"start":{"line":46,"column":16},"end":{"line":46,"column":18}},"14":{"start":{"line":48,"column":20},"end":{"line":53,"column":5}},"15":{"start":{"line":49,"column":8},"end":{"line":51,"column":9}},"16":{"start":{"line":50,"column":12},"end":{"line":50,"column":44}},"17":{"start":{"line":52,"column":8},"end":{"line":52,"column":18}},"18":{"start":{"line":55,"column":4},"end":{"line":69,"column":5}},"19":{"start":{"line":55,"column":19},"end":{"line":55,"column":20}},"20":{"start":{"line":56,"column":29},"end":{"line":56,"column":31}},"21":{"start":{"line":57,"column":8},"end":{"line":68,"column":9}},"22":{"start":{"line":57,"column":23},"end":{"line":57,"column":24}},"23":{"start":{"line":59,"column":12},"end":{"line":61,"column":13}},"24":{"start":{"line":60,"column":16},"end":{"line":60,"column":54}},"25":{"start":{"line":63,"column":12},"end":{"line":67,"column":13}},"26":{"start":{"line":64,"column":16},"end":{"line":65,"column":47}},"27":{"start":{"line":65,"column":20},"end":{"line":65,"column":47}},"28":{"start":{"line":66,"column":16},"end":{"line":66,"column":36}},"29":{"start":{"line":71,"column":4},"end":{"line":83,"column":5}},"30":{"start":{"line":71,"column":19},"end":{"line":71,"column":20}},"31":{"start":{"line":72,"column":27},"end":{"line":72,"column":29}},"32":{"start":{"line":73,"column":8},"end":{"line":82,"column":9}},"33":{"start":{"line":73,"column":23},"end":{"line":73,"column":24}},"34":{"start":{"line":74,"column":12},"end":{"line":76,"column":13}},"35":{"start":{"line":75,"column":16},"end":{"line":75,"column":52}},"36":{"start":{"line":77,"column":12},"end":{"line":81,"column":13}},"37":{"start":{"line":78,"column":16},"end":{"line":79,"column":45}},"38":{"start":{"line":79,"column":20},"end":{"line":79,"column":45}},"39":{"start":{"line":80,"column":16},"end":{"line":80,"column":34}},"40":{"start":{"line":84,"column":32},"end":{"line":96,"column":10}},"41":{"start":{"line":84,"column":74},"end":{"line":96,"column":7}},"42":{"start":{"line":85,"column":8},"end":{"line":94,"column":9}},"43":{"start":{"line":86,"column":32},"end":{"line":91,"column":13}},"44":{"start":{"line":93,"column":12},"end":{"line":93,"column":88}},"45":{"start":{"line":93,"column":61},"end":{"line":93,"column":84}},"46":{"start":{"line":95,"column":8},"end":{"line":95,"column":21}},"47":{"start":{"line":97,"column":4},"end":{"line":99,"column":5}},"48":{"start":{"line":98,"column":8},"end":{"line":98,"column":21}},"49":{"start":{"line":100,"column":4},"end":{"line":100,"column":23}},"50":{"start":{"line":102,"column":21},"end":{"line":102,"column":90}},"51":{"start":{"line":102,"column":52},"end":{"line":102,"column":87}},"52":{"start":{"line":104,"column":4},"end":{"line":104,"column":46}},"53":{"start":{"line":106,"column":0},"end":{"line":106,"column":46}}},"fnMap":{"0":{"name":"binarySearch","decl":{"start":{"line":15,"column":9},"end":{"line":15,"column":21}},"loc":{"start":{"line":15,"column":42},"end":{"line":32,"column":1}},"line":15},"1":{"name":"checkWordsOnBoard","decl":{"start":{"line":45,"column":9},"end":{"line":45,"column":26}},"loc":{"start":{"line":45,"column":47},"end":{"line":105,"column":1}},"line":45},"2":{"name":"(anonymous_2)","decl":{"start":{"line":48,"column":20},"end":{"line":48,"column":21}},"loc":{"start":{"line":48,"column":40},"end":{"line":53,"column":5}},"line":48},"3":{"name":"(anonymous_3)","decl":{"start":{"line":84,"column":47},"end":{"line":84,"column":48}},"loc":{"start":{"line":84,"column":72},"end":{"line":96,"column":9}},"line":84},"4":{"name":"(anonymous_4)","decl":{"start":{"line":84,"column":90},"end":{"line":84,"column":91}},"loc":{"start":{"line":84,"column":116},"end":{"line":96,"column":5}},"line":84},"5":{"name":"(anonymous_5)","decl":{"start":{"line":93,"column":39},"end":{"line":93,"column":40}},"loc":{"start":{"line":93,"column":59},"end":{"line":93,"column":86}},"line":93},"6":{"name":"(anonymous_6)","decl":{"start":{"line":102,"column":34},"end":{"line":102,"column":35}},"loc":{"start":{"line":102,"column":50},"end":{"line":102,"column":89}},"line":102}},"branchMap":{"0":{"loc":{"start":{"line":21,"column":8},"end":{"line":23,"column":9}},"type":"if","locations":[{"start":{"line":21,"column":8},"end":{"line":23,"column":9}},{"start":{},"end":{}}],"line":21},"1":{"loc":{"start":{"line":24,"column":8},"end":{"line":29,"column":9}},"type":"if","locations":[{"start":{"line":24,"column":8},"end":{"line":29,"column":9}},{"start":{"line":27,"column":13},"end":{"line":29,"column":9}}],"line":24},"2":{"loc":{"start":{"line":49,"column":8},"end":{"line":51,"column":9}},"type":"if","locations":[{"start":{"line":49,"column":8},"end":{"line":51,"column":9}},{"start":{},"end":{}}],"line":49},"3":{"loc":{"start":{"line":49,"column":12},"end":{"line":49,"column":65}},"type":"binary-expr","locations":[{"start":{"line":49,"column":12},"end":{"line":49,"column":34}},{"start":{"line":49,"column":38},"end":{"line":49,"column":65}}],"line":49},"4":{"loc":{"start":{"line":59,"column":12},"end":{"line":61,"column":13}},"type":"if","locations":[{"start":{"line":59,"column":12},"end":{"line":61,"column":13}},{"start":{},"end":{}}],"line":59},"5":{"loc":{"start":{"line":63,"column":12},"end":{"line":67,"column":13}},"type":"if","locations":[{"start":{"line":63,"column":12},"end":{"line":67,"column":13}},{"start":{},"end":{}}],"line":63},"6":{"loc":{"start":{"line":63,"column":16},"end":{"line":63,"column":83}},"type":"binary-expr","locations":[{"start":{"line":63,"column":16},"end":{"line":63,"column":46}},{"start":{"line":63,"column":50},"end":{"line":63,"column":83}}],"line":63},"7":{"loc":{"start":{"line":64,"column":16},"end":{"line":65,"column":47}},"type":"if","locations":[{"start":{"line":64,"column":16},"end":{"line":65,"column":47}},{"start":{},"end":{}}],"line":64},"8":{"loc":{"start":{"line":74,"column":12},"end":{"line":76,"column":13}},"type":"if","locations":[{"start":{"line":74,"column":12},"end":{"line":76,"column":13}},{"start":{},"end":{}}],"line":74},"9":{"loc":{"start":{"line":77,"column":12},"end":{"line":81,"column":13}},"type":"if","locations":[{"start":{"line":77,"column":12},"end":{"line":81,"column":13}},{"start":{},"end":{}}],"line":77},"10":{"loc":{"start":{"line":77,"column":16},"end":{"line":77,"column":78}},"type":"binary-expr","locations":[{"start":{"line":77,"column":16},"end":{"line":77,"column":46}},{"start":{"line":77,"column":50},"end":{"line":77,"column":78}}],"line":77},"11":{"loc":{"start":{"line":78,"column":16},"end":{"line":79,"column":45}},"type":"if","locations":[{"start":{"line":78,"column":16},"end":{"line":79,"column":45}},{"start":{},"end":{}}],"line":78},"12":{"loc":{"start":{"line":85,"column":8},"end":{"line":94,"column":9}},"type":"if","locations":[{"start":{"line":85,"column":8},"end":{"line":94,"column":9}},{"start":{},"end":{}}],"line":85},"13":{"loc":{"start":{"line":87,"column":16},"end":{"line":87,"column":69}},"type":"cond-expr","locations":[{"start":{"line":87,"column":31},"end":{"line":87,"column":64}},{"start":{"line":87,"column":67},"end":{"line":87,"column":69}}],"line":87},"14":{"loc":{"start":{"line":88,"column":16},"end":{"line":88,"column":88}},"type":"cond-expr","locations":[{"start":{"line":88,"column":50},"end":{"line":88,"column":83}},{"start":{"line":88,"column":86},"end":{"line":88,"column":88}}],"line":88},"15":{"loc":{"start":{"line":89,"column":16},"end":{"line":89,"column":69}},"type":"cond-expr","locations":[{"start":{"line":89,"column":31},"end":{"line":89,"column":64}},{"start":{"line":89,"column":67},"end":{"line":89,"column":69}}],"line":89},"16":{"loc":{"start":{"line":90,"column":16},"end":{"line":90,"column":82}},"type":"cond-expr","locations":[{"start":{"line":90,"column":44},"end":{"line":90,"column":77}},{"start":{"line":90,"column":80},"end":{"line":90,"column":82}}],"line":90},"17":{"loc":{"start":{"line":97,"column":4},"end":{"line":99,"column":5}},"type":"if","locations":[{"start":{"line":97,"column":4},"end":{"line":99,"column":5}},{"start":{},"end":{}}],"line":97}},"s":{"0":1,"1":1,"2":1,"3":1,"4":1,"5":16,"6":16,"7":16,"8":1,"9":15,"10":6,"11":9,"12":0,"13":1,"14":1,"15":918,"16":888,"17":30,"18":1,"19":1,"20":15,"21":15,"22":15,"23":225,"24":3,"25":225,"26":222,"27":1,"28":222,"29":1,"30":1,"31":15,"32":15,"33":15,"34":225,"35":3,"36":225,"37":222,"38":0,"39":222,"40":1,"41":15,"42":225,"43":3,"44":3,"45":10,"46":222,"47":1,"48":0,"49":1,"50":1,"51":1,"52":1,"53":1},"f":{"0":1,"1":1,"2":918,"3":15,"4":225,"5":10,"6":1},"b":{"0":[1,15],"1":[6,9],"2":[888,30],"3":[918,903],"4":[3,222],"5":[222,3],"6":[225,3],"7":[1,221],"8":[3,222],"9":[222,3],"10":[225,3],"11":[0,222],"12":[3,222],"13":[3,0],"14":[3,0],"15":[3,0],"16":[3,0],"17":[0,1]},"inputSourceMap":null,"_coverageSchema":"1a1c01bbd47fc00a2c39e90264f33305004495a9","hash":"559bf3014d2de0d4aff48aa9744b45d6e843b5b6"}
}
