TN:
SF:lib/pointCounter.js
FN:41,getPoints
FN:48,treverse
FN:51,(anonymous_2)
FN:75,(anonymous_3)
FN:113,(anonymous_4)
FNF:5
FNH:5
FNDA:1,getPoints
FNDA:53,treverse
FNDA:170,(anonymous_2)
FNDA:298,(anonymous_3)
FNDA:6,(anonymous_4)
DA:2,1
DA:3,1
DA:4,1
DA:5,1
DA:42,1
DA:49,53
DA:50,53
DA:51,53
DA:52,170
DA:57,53
DA:58,7
DA:60,46
DA:61,0
DA:63,53
DA:64,37
DA:68,53
DA:69,14
DA:71,39
DA:72,0
DA:75,53
DA:76,298
DA:82,53
DA:83,36
DA:86,17
DA:88,53
DA:89,53
DA:92,53
DA:93,0
DA:95,53
DA:96,0
DA:98,53
DA:99,0
DA:101,53
DA:102,0
DA:104,53
DA:105,16
DA:108,37
DA:112,1
DA:113,6
DA:115,1
DA:116,4
DA:117,4
DA:123,1
DA:125,1
LF:44
LH:38
BRDA:52,0,0,170
BRDA:52,0,1,37
BRDA:52,0,2,28
BRDA:52,0,3,28
BRDA:57,1,0,7
BRDA:57,1,1,46
BRDA:57,2,0,53
BRDA:57,2,1,11
BRDA:60,3,0,0
BRDA:60,3,1,46
BRDA:60,4,0,46
BRDA:60,4,1,0
BRDA:63,5,0,37
BRDA:63,5,1,16
BRDA:68,6,0,14
BRDA:68,6,1,39
BRDA:68,7,0,53
BRDA:68,7,1,14
BRDA:71,8,0,0
BRDA:71,8,1,39
BRDA:71,9,0,39
BRDA:71,9,1,1
BRDA:76,10,0,298
BRDA:76,10,1,51
BRDA:76,10,2,36
BRDA:76,10,3,36
BRDA:82,11,0,36
BRDA:82,11,1,17
BRDA:92,12,0,0
BRDA:92,12,1,53
BRDA:92,13,0,53
BRDA:92,13,1,0
BRDA:95,14,0,0
BRDA:95,14,1,53
BRDA:95,15,0,53
BRDA:95,15,1,0
BRDA:98,16,0,0
BRDA:98,16,1,53
BRDA:98,17,0,53
BRDA:98,17,1,0
BRDA:101,18,0,0
BRDA:101,18,1,53
BRDA:101,19,0,53
BRDA:101,19,1,0
BRDA:104,20,0,16
BRDA:104,20,1,37
BRF:46
BRH:35
end_of_record
TN:
SF:lib/spellChecker.js
FN:15,binarySearch
FN:45,checkWordsOnBoard
FN:48,(anonymous_2)
FN:84,(anonymous_3)
FN:84,(anonymous_4)
FN:93,(anonymous_5)
FN:102,(anonymous_6)
FNF:7
FNH:7
FNDA:1,binarySearch
FNDA:1,checkWordsOnBoard
FNDA:918,(anonymous_2)
FNDA:15,(anonymous_3)
FNDA:225,(anonymous_4)
FNDA:10,(anonymous_5)
FNDA:1,(anonymous_6)
DA:2,1
DA:3,1
DA:16,1
DA:17,1
DA:18,1
DA:19,16
DA:20,16
DA:21,16
DA:22,1
DA:24,15
DA:25,6
DA:28,9
DA:31,0
DA:46,1
DA:48,1
DA:49,918
DA:50,888
DA:52,30
DA:55,1
DA:56,15
DA:57,15
DA:59,225
DA:60,3
DA:63,225
DA:64,222
DA:65,1
DA:66,222
DA:71,1
DA:72,15
DA:73,15
DA:74,225
DA:75,3
DA:77,225
DA:78,222
DA:79,0
DA:80,222
DA:84,15
DA:85,225
DA:86,3
DA:93,10
DA:95,222
DA:97,1
DA:98,0
DA:100,1
DA:102,1
DA:104,1
DA:106,1
LF:47
LH:44
BRDA:21,0,0,1
BRDA:21,0,1,15
BRDA:24,1,0,6
BRDA:24,1,1,9
BRDA:49,2,0,888
BRDA:49,2,1,30
BRDA:49,3,0,918
BRDA:49,3,1,903
BRDA:59,4,0,3
BRDA:59,4,1,222
BRDA:63,5,0,222
BRDA:63,5,1,3
BRDA:63,6,0,225
BRDA:63,6,1,3
BRDA:64,7,0,1
BRDA:64,7,1,221
BRDA:74,8,0,3
BRDA:74,8,1,222
BRDA:77,9,0,222
BRDA:77,9,1,3
BRDA:77,10,0,225
BRDA:77,10,1,3
BRDA:78,11,0,0
BRDA:78,11,1,222
BRDA:85,12,0,3
BRDA:85,12,1,222
BRDA:87,13,0,3
BRDA:87,13,1,0
BRDA:88,14,0,3
BRDA:88,14,1,0
BRDA:89,15,0,3
BRDA:89,15,1,0
BRDA:90,16,0,3
BRDA:90,16,1,0
BRDA:97,17,0,0
BRDA:97,17,1,1
BRF:36
BRH:30
end_of_record
