TN:
SF:lib/players.js
FN:15,getPlayerScore
FN:19,addPlayerScore
FN:25,resetScores
FN:30,setUserName
FN:34,resetCurrentWord
FN:39,addToCurrentWord
FN:45,removeFromCurrentWord
FN:53,getCurrentWord
FN:57,findUser
FN:72,updateHighscore
FN:107,makeNewUser
FNF:11
FNH:8
FNDA:3,getPlayerScore
FNDA:3,addPlayerScore
FNDA:1,resetScores
FNDA:1,setUserName
FNDA:1,resetCurrentWord
FNDA:4,addToCurrentWord
FNDA:3,removeFromCurrentWord
FNDA:3,getCurrentWord
FNDA:0,findUser
FNDA:0,updateHighscore
FNDA:0,makeNewUser
DA:2,1
DA:3,1
DA:4,1
DA:5,1
DA:10,1
DA:16,3
DA:18,1
DA:20,3
DA:24,1
DA:26,1
DA:27,1
DA:29,1
DA:31,1
DA:33,1
DA:35,1
DA:36,1
DA:38,1
DA:40,4
DA:44,1
DA:46,3
DA:47,3
DA:48,3
DA:49,2
DA:52,1
DA:54,3
DA:56,1
DA:58,0
DA:59,0
DA:60,0
DA:61,0
DA:62,0
DA:65,0
DA:68,0
DA:69,0
DA:71,1
DA:73,0
DA:74,0
DA:75,0
DA:76,0
DA:77,0
DA:78,0
DA:79,0
DA:80,0
DA:83,0
DA:86,0
DA:87,0
DA:88,0
DA:91,0
DA:92,0
DA:93,0
DA:96,0
DA:99,0
DA:100,0
DA:101,0
DA:104,0
DA:106,1
DA:108,0
DA:109,0
DA:110,0
DA:111,0
DA:113,1
LF:61
LH:29
BRDA:16,0,0,2
BRDA:16,0,1,1
BRDA:20,1,0,2
BRDA:20,1,1,1
BRDA:31,2,0,1
BRDA:31,2,1,0
BRDA:40,3,0,2
BRDA:40,3,1,2
BRDA:46,4,0,2
BRDA:46,4,1,1
BRDA:48,5,0,2
BRDA:48,5,1,1
BRDA:54,6,0,2
BRDA:54,6,1,1
BRDA:61,7,0,0
BRDA:61,7,1,0
BRDA:79,8,0,0
BRDA:79,8,1,0
BRDA:86,9,0,0
BRDA:86,9,1,0
BRDA:87,10,0,0
BRDA:87,10,1,0
BRDA:87,11,0,0
BRDA:87,11,1,0
BRDA:92,12,0,0
BRDA:92,12,1,0
BRDA:99,13,0,0
BRDA:99,13,1,0
BRDA:100,14,0,0
BRDA:100,14,1,0
BRDA:100,15,0,0
BRDA:100,15,1,0
BRF:32
BRH:13
end_of_record
TN:
SF:lib/pointCounter.js
FN:41,getPoints
FN:48,treverse
FN:51,(anonymous_2)
FN:75,(anonymous_3)
FN:113,(anonymous_4)
FNF:5
FNH:5
FNDA:1,getPoints
FNDA:67,treverse
FNDA:327,(anonymous_2)
FNDA:598,(anonymous_3)
FNDA:10,(anonymous_4)
DA:2,1
DA:3,1
DA:4,1
DA:5,1
DA:42,1
DA:49,67
DA:50,67
DA:51,67
DA:52,327
DA:57,67
DA:58,7
DA:60,60
DA:61,4
DA:63,67
DA:64,45
DA:68,67
DA:69,14
DA:71,53
DA:72,8
DA:75,67
DA:76,598
DA:82,67
DA:83,41
DA:86,26
DA:88,67
DA:89,67
DA:92,67
DA:93,1
DA:95,66
DA:96,1
DA:98,65
DA:99,1
DA:101,64
DA:102,1
DA:104,63
DA:105,20
DA:108,43
DA:112,1
DA:113,10
DA:115,1
DA:116,6
DA:117,6
DA:123,1
DA:125,1
LF:44
LH:44
BRDA:52,0,0,327
BRDA:52,0,1,48
BRDA:52,0,2,36
BRDA:52,0,3,33
BRDA:57,1,0,7
BRDA:57,1,1,60
BRDA:57,2,0,67
BRDA:57,2,1,11
BRDA:60,3,0,4
BRDA:60,3,1,56
BRDA:60,4,0,60
BRDA:60,4,1,4
BRDA:63,5,0,45
BRDA:63,5,1,22
BRDA:68,6,0,14
BRDA:68,6,1,53
BRDA:68,7,0,67
BRDA:68,7,1,14
BRDA:71,8,0,8
BRDA:71,8,1,45
BRDA:71,9,0,53
BRDA:71,9,1,9
BRDA:76,10,0,598
BRDA:76,10,1,72
BRDA:76,10,2,44
BRDA:76,10,3,41
BRDA:82,11,0,41
BRDA:82,11,1,26
BRDA:92,12,0,1
BRDA:92,12,1,66
BRDA:92,13,0,67
BRDA:92,13,1,5
BRDA:95,14,0,1
BRDA:95,14,1,65
BRDA:95,15,0,66
BRDA:95,15,1,1
BRDA:98,16,0,1
BRDA:98,16,1,64
BRDA:98,17,0,65
BRDA:98,17,1,4
BRDA:101,18,0,1
BRDA:101,18,1,63
BRDA:101,19,0,64
BRDA:101,19,1,1
BRDA:104,20,0,20
BRDA:104,20,1,43
BRF:46
BRH:46
end_of_record
TN:
SF:lib/queue_array.js
FN:9,empty
FN:19,is_empty
FN:30,enqueue
FN:43,head
FN:55,dequeue
FN:65,display_queue
FNF:6
FNH:3
FNDA:1,empty
FNDA:1,is_empty
FNDA:98,enqueue
FNDA:0,head
FNDA:0,dequeue
FNDA:0,display_queue
DA:2,1
DA:3,1
DA:10,1
DA:12,1
DA:20,1
DA:22,1
DA:31,98
DA:32,98
DA:33,98
DA:35,1
DA:44,0
DA:45,0
DA:47,1
DA:56,0
DA:57,0
DA:59,1
DA:66,0
DA:68,1
LF:18
LH:13
BRF:0
BRH:0
end_of_record
TN:
SF:lib/randomLetters.js
FN:16,generateRandomLetters
FN:135,shuffle
FNF:2
FNH:2
FNDA:1,generateRandomLetters
FNDA:1,shuffle
DA:2,1
DA:3,1
DA:4,1
DA:17,1
DA:117,1
DA:118,1
DA:119,1
DA:120,98
DA:122,1
DA:124,1
DA:137,1
DA:139,1
DA:141,98
DA:142,98
DA:144,98
DA:149,1
LF:16
LH:16
BRF:0
BRH:0
end_of_record
TN:
SF:lib/saveData.js
FN:6,jsonToUserArray
FN:9,(anonymous_1)
FN:17,userArrayToJson
FN:19,(anonymous_3)
FN:26,saveUsers
FN:30,getUsers
FNF:6
FNH:4
FNDA:1,jsonToUserArray
FNDA:2,(anonymous_1)
FNDA:1,userArrayToJson
FNDA:2,(anonymous_3)
FNDA:0,saveUsers
FNDA:0,getUsers
DA:2,1
DA:3,1
DA:7,1
DA:8,1
DA:9,1
DA:10,2
DA:11,2
DA:12,2
DA:14,1
DA:16,1
DA:18,1
DA:19,1
DA:20,2
DA:21,2
DA:23,1
DA:25,1
DA:27,0
DA:29,1
DA:31,0
DA:32,0
DA:33,0
DA:34,0
DA:37,0
DA:40,1
LF:24
LH:18
BRDA:33,0,0,0
BRDA:33,0,1,0
BRF:2
BRH:0
end_of_record
TN:
SF:lib/spellChecker.js
FN:15,binarySearch
FN:45,checkWordsOnBoard
FN:48,(anonymous_2)
FN:84,(anonymous_3)
FN:84,(anonymous_4)
FN:93,(anonymous_5)
FN:102,(anonymous_6)
FNF:7
FNH:7
FNDA:3,binarySearch
FNDA:4,checkWordsOnBoard
FNDA:3654,(anonymous_2)
FNDA:52,(anonymous_3)
FNDA:773,(anonymous_4)
FNDA:27,(anonymous_5)
FNDA:3,(anonymous_6)
DA:2,1
DA:3,1
DA:16,3
DA:17,3
DA:18,3
DA:19,52
DA:20,52
DA:21,52
DA:22,2
DA:24,50
DA:25,26
DA:28,24
DA:31,1
DA:46,4
DA:48,4
DA:49,3654
DA:50,3534
DA:52,120
DA:55,4
DA:56,60
DA:57,60
DA:59,900
DA:60,9
DA:63,900
DA:64,891
DA:65,2
DA:66,891
DA:71,4
DA:72,60
DA:73,60
DA:74,900
DA:75,9
DA:77,900
DA:78,891
DA:79,1
DA:80,891
DA:84,52
DA:85,773
DA:86,9
DA:93,27
DA:95,764
DA:97,4
DA:98,1
DA:100,3
DA:102,3
DA:104,3
DA:106,1
LF:47
LH:47
BRDA:21,0,0,2
BRDA:21,0,1,50
BRDA:24,1,0,26
BRDA:24,1,1,24
BRDA:49,2,0,3534
BRDA:49,2,1,120
BRDA:49,3,0,3654
BRDA:49,3,1,3594
BRDA:59,4,0,9
BRDA:59,4,1,891
BRDA:63,5,0,891
BRDA:63,5,1,9
BRDA:63,6,0,900
BRDA:63,6,1,9
BRDA:64,7,0,2
BRDA:64,7,1,889
BRDA:74,8,0,9
BRDA:74,8,1,891
BRDA:77,9,0,891
BRDA:77,9,1,9
BRDA:77,10,0,900
BRDA:77,10,1,9
BRDA:78,11,0,1
BRDA:78,11,1,890
BRDA:85,12,0,9
BRDA:85,12,1,764
BRDA:87,13,0,9
BRDA:87,13,1,0
BRDA:88,14,0,9
BRDA:88,14,1,0
BRDA:89,15,0,9
BRDA:89,15,1,0
BRDA:90,16,0,9
BRDA:90,16,1,0
BRDA:97,17,0,1
BRDA:97,17,1,3
BRF:36
BRH:32
end_of_record
